{"/home/travis/build/npmtest/node-npmtest-web-audio-api/test.js":{"path":"/home/travis/build/npmtest/node-npmtest-web-audio-api/test.js","s":{"1":2,"2":2,"3":2,"4":2,"5":2,"6":2,"7":2,"8":1,"9":2,"10":2,"11":1,"12":1,"13":1,"14":1,"15":2,"16":2,"17":2,"18":2,"19":1,"20":1,"21":2,"22":2,"23":2,"24":1,"25":1,"26":1,"27":1,"28":1,"29":1,"30":1,"31":1,"32":1,"33":1,"34":1,"35":1,"36":1,"37":1,"38":1,"39":2,"40":2,"41":1,"42":2,"43":2,"44":1,"45":2,"46":2,"47":1,"48":2,"49":2,"50":1,"51":1,"52":1,"53":1,"54":1},"b":{"1":[2,1,1,1],"2":[1,1,1,1],"3":[1,1],"4":[1,1],"5":[1,1],"6":[1,1],"7":[1,1],"8":[1,1],"9":[1,1],"10":[1,1,1],"11":[1,1],"12":[1,1],"13":[1,1],"14":[1,1],"15":[1,1],"16":[1,1],"17":[1,1]},"f":{"1":2,"2":2,"3":2,"4":2,"5":2,"6":1,"7":1,"8":1,"9":2,"10":2,"11":2,"12":2,"13":1},"fnMap":{"1":{"name":"(anonymous_1)","line":12,"loc":{"start":{"line":12,"column":1},"end":{"line":12,"column":13}}},"2":{"name":"(anonymous_2)","line":19,"loc":{"start":{"line":19,"column":5},"end":{"line":19,"column":17}}},"3":{"name":"(anonymous_3)","line":23,"loc":{"start":{"line":23,"column":24},"end":{"line":23,"column":36}}},"4":{"name":"(anonymous_4)","line":61,"loc":{"start":{"line":61,"column":5},"end":{"line":61,"column":17}}},"5":{"name":"(anonymous_5)","line":82,"loc":{"start":{"line":82,"column":5},"end":{"line":82,"column":17}}},"6":{"name":"(anonymous_6)","line":91,"loc":{"start":{"line":91,"column":77},"end":{"line":94,"column":10}}},"7":{"name":"(anonymous_7)","line":112,"loc":{"start":{"line":112,"column":83},"end":{"line":115,"column":10}},"skip":true},"8":{"name":"(anonymous_8)","line":123,"loc":{"start":{"line":123,"column":77},"end":{"line":126,"column":10}},"skip":true},"9":{"name":"(anonymous_9)","line":139,"loc":{"start":{"line":139,"column":12},"end":{"line":139,"column":40}},"skip":true},"10":{"name":"(anonymous_10)","line":147,"loc":{"start":{"line":147,"column":77},"end":{"line":150,"column":10}},"skip":true},"11":{"name":"(anonymous_11)","line":158,"loc":{"start":{"line":158,"column":83},"end":{"line":161,"column":10}},"skip":true},"12":{"name":"(anonymous_12)","line":169,"loc":{"start":{"line":169,"column":79},"end":{"line":172,"column":10}},"skip":true},"13":{"name":"(anonymous_13)","line":180,"loc":{"start":{"line":180,"column":75},"end":{"line":183,"column":10}},"skip":true}},"statementMap":{"1":{"start":{"line":12,"column":0},"end":{"line":195,"column":5}},"2":{"start":{"line":14,"column":4},"end":{"line":14,"column":14}},"3":{"start":{"line":19,"column":4},"end":{"line":56,"column":9}},"4":{"start":{"line":21,"column":8},"end":{"line":21,"column":19}},"5":{"start":{"line":23,"column":8},"end":{"line":35,"column":13}},"6":{"start":{"line":24,"column":12},"end":{"line":34,"column":13}},"7":{"start":{"line":25,"column":16},"end":{"line":28,"column":30}},"8":{"start":{"line":30,"column":16},"end":{"line":33,"column":27}},"9":{"start":{"line":37,"column":8},"end":{"line":39,"column":21}},"10":{"start":{"line":40,"column":8},"end":{"line":53,"column":9}},"11":{"start":{"line":43,"column":12},"end":{"line":46,"column":14}},"12":{"start":{"line":47,"column":12},"end":{"line":47,"column":18}},"13":{"start":{"line":50,"column":12},"end":{"line":51,"column":33}},"14":{"start":{"line":52,"column":12},"end":{"line":52,"column":18}},"15":{"start":{"line":55,"column":8},"end":{"line":55,"column":35}},"16":{"start":{"line":61,"column":4},"end":{"line":63,"column":9}},"17":{"start":{"line":62,"column":8},"end":{"line":62,"column":15}},"18":{"start":{"line":64,"column":4},"end":{"line":77,"column":5}},"19":{"start":{"line":70,"column":8},"end":{"line":70,"column":14}},"20":{"start":{"line":76,"column":8},"end":{"line":76,"column":14}},"21":{"start":{"line":82,"column":4},"end":{"line":84,"column":9}},"22":{"start":{"line":83,"column":8},"end":{"line":83,"column":15}},"23":{"start":{"line":85,"column":4},"end":{"line":194,"column":5}},"24":{"start":{"line":91,"column":8},"end":{"line":99,"column":10}},"25":{"start":{"line":98,"column":12},"end":{"line":98,"column":35}},"26":{"start":{"line":102,"column":8},"end":{"line":104,"column":63}},"27":{"start":{"line":105,"column":8},"end":{"line":105,"column":14}},"28":{"start":{"line":112,"column":8},"end":{"line":121,"column":10},"skip":true},"29":{"start":{"line":119,"column":12},"end":{"line":119,"column":55},"skip":true},"30":{"start":{"line":120,"column":12},"end":{"line":120,"column":48},"skip":true},"31":{"start":{"line":123,"column":8},"end":{"line":136,"column":10},"skip":true},"32":{"start":{"line":130,"column":12},"end":{"line":130,"column":76},"skip":true},"33":{"start":{"line":131,"column":12},"end":{"line":131,"column":73},"skip":true},"34":{"start":{"line":132,"column":12},"end":{"line":132,"column":74},"skip":true},"35":{"start":{"line":133,"column":12},"end":{"line":133,"column":79},"skip":true},"36":{"start":{"line":134,"column":12},"end":{"line":134,"column":25},"skip":true},"37":{"start":{"line":135,"column":12},"end":{"line":135,"column":45},"skip":true},"38":{"start":{"line":138,"column":8},"end":{"line":145,"column":14},"skip":true},"39":{"start":{"line":143,"column":16},"end":{"line":143,"column":29},"skip":true},"40":{"start":{"line":144,"column":16},"end":{"line":144,"column":55},"skip":true},"41":{"start":{"line":147,"column":8},"end":{"line":156,"column":10},"skip":true},"42":{"start":{"line":154,"column":12},"end":{"line":154,"column":25},"skip":true},"43":{"start":{"line":155,"column":12},"end":{"line":155,"column":45},"skip":true},"44":{"start":{"line":158,"column":8},"end":{"line":167,"column":10},"skip":true},"45":{"start":{"line":165,"column":12},"end":{"line":165,"column":25},"skip":true},"46":{"start":{"line":166,"column":12},"end":{"line":166,"column":48},"skip":true},"47":{"start":{"line":169,"column":8},"end":{"line":178,"column":10},"skip":true},"48":{"start":{"line":176,"column":12},"end":{"line":176,"column":25},"skip":true},"49":{"start":{"line":177,"column":12},"end":{"line":177,"column":46},"skip":true},"50":{"start":{"line":180,"column":8},"end":{"line":189,"column":10},"skip":true},"51":{"start":{"line":187,"column":12},"end":{"line":187,"column":94},"skip":true},"52":{"start":{"line":188,"column":12},"end":{"line":188,"column":48},"skip":true},"53":{"start":{"line":192,"column":8},"end":{"line":192,"column":35},"skip":true},"54":{"start":{"line":193,"column":8},"end":{"line":193,"column":14},"skip":true}},"branchMap":{"1":{"line":25,"type":"binary-expr","locations":[{"start":{"line":25,"column":23},"end":{"line":25,"column":62}},{"start":{"line":26,"column":20},"end":{"line":26,"column":70}},{"start":{"line":27,"column":20},"end":{"line":27,"column":71}},{"start":{"line":28,"column":20},"end":{"line":28,"column":29}}]},"2":{"line":30,"type":"binary-expr","locations":[{"start":{"line":30,"column":23},"end":{"line":30,"column":37}},{"start":{"line":31,"column":20},"end":{"line":31,"column":61}},{"start":{"line":32,"column":20},"end":{"line":32,"column":70}},{"start":{"line":33,"column":20},"end":{"line":33,"column":26}}]},"3":{"line":37,"type":"cond-expr","locations":[{"start":{"line":38,"column":14},"end":{"line":38,"column":20}},{"start":{"line":39,"column":14},"end":{"line":39,"column":20}}]},"4":{"line":40,"type":"switch","locations":[{"start":{"line":42,"column":8},"end":{"line":47,"column":18}},{"start":{"line":49,"column":8},"end":{"line":52,"column":18}}]},"5":{"line":44,"type":"binary-expr","locations":[{"start":{"line":44,"column":16},"end":{"line":44,"column":44}},{"start":{"line":44,"column":48},"end":{"line":44,"column":66}}]},"6":{"line":50,"type":"binary-expr","locations":[{"start":{"line":50,"column":21},"end":{"line":50,"column":49}},{"start":{"line":50,"column":53},"end":{"line":50,"column":72}}]},"7":{"line":64,"type":"switch","locations":[{"start":{"line":69,"column":4},"end":{"line":70,"column":14}},{"start":{"line":75,"column":4},"end":{"line":76,"column":14}}]},"8":{"line":85,"type":"switch","locations":[{"start":{"line":90,"column":4},"end":{"line":105,"column":14}},{"start":{"line":111,"column":4},"end":{"line":193,"column":14},"skip":true}]},"9":{"line":91,"type":"binary-expr","locations":[{"start":{"line":91,"column":42},"end":{"line":91,"column":73}},{"start":{"line":91,"column":77},"end":{"line":99,"column":9}}]},"10":{"line":102,"type":"binary-expr","locations":[{"start":{"line":102,"column":18},"end":{"line":102,"column":32}},{"start":{"line":103,"column":12},"end":{"line":103,"column":53}},{"start":{"line":104,"column":12},"end":{"line":104,"column":61}}]},"11":{"line":112,"type":"binary-expr","locations":[{"start":{"line":112,"column":45},"end":{"line":112,"column":79},"skip":true},{"start":{"line":112,"column":83},"end":{"line":121,"column":9},"skip":true}]},"12":{"line":123,"type":"binary-expr","locations":[{"start":{"line":123,"column":42},"end":{"line":123,"column":73},"skip":true},{"start":{"line":123,"column":77},"end":{"line":136,"column":9},"skip":true}]},"13":{"line":138,"type":"binary-expr","locations":[{"start":{"line":138,"column":48},"end":{"line":138,"column":85},"skip":true},{"start":{"line":139,"column":12},"end":{"line":145,"column":13},"skip":true}]},"14":{"line":147,"type":"binary-expr","locations":[{"start":{"line":147,"column":42},"end":{"line":147,"column":73},"skip":true},{"start":{"line":147,"column":77},"end":{"line":156,"column":9},"skip":true}]},"15":{"line":158,"type":"binary-expr","locations":[{"start":{"line":158,"column":45},"end":{"line":158,"column":79},"skip":true},{"start":{"line":158,"column":83},"end":{"line":167,"column":9},"skip":true}]},"16":{"line":169,"type":"binary-expr","locations":[{"start":{"line":169,"column":43},"end":{"line":169,"column":75},"skip":true},{"start":{"line":169,"column":79},"end":{"line":178,"column":9},"skip":true}]},"17":{"line":180,"type":"binary-expr","locations":[{"start":{"line":180,"column":41},"end":{"line":180,"column":71},"skip":true},{"start":{"line":180,"column":75},"end":{"line":189,"column":9},"skip":true}]}},"code":["/* istanbul instrument in package npmtest_web_audio_api */","/*jslint","    bitwise: true,","    browser: true,","    maxerr: 8,","    maxlen: 96,","    node: true,","    nomen: true,","    regexp: true,","    stupid: true","*/","(function () {","    'use strict';","    var local;","","","","    // run shared js-env code - pre-init","    (function () {","        // init local","        local = {};","        // init modeJs","        local.modeJs = (function () {","            try {","                return typeof navigator.userAgent === 'string' &&","                    typeof document.querySelector('body') === 'object' &&","                    typeof XMLHttpRequest.prototype.open === 'function' &&","                    'browser';","            } catch (errorCaughtBrowser) {","                return module.exports &&","                    typeof process.versions.node === 'string' &&","                    typeof require('http').createServer === 'function' &&","                    'node';","            }","        }());","        // init global","        local.global = local.modeJs === 'browser'","            ? window","            : global;","        switch (local.modeJs) {","        // re-init local from window.local","        case 'browser':","            local = local.global.utility2.objectSetDefault(","                local.global.utility2_rollup || local.global.local,","                local.global.utility2","            );","            break;","        // re-init local from example.js","        case 'node':","            local = (local.global.utility2_rollup || require('utility2'))","                .requireReadme();","            break;","        }","        // export local","        local.global.local = local;","    }());","","","","    // run shared js-env code - function","    (function () {","        return;","    }());","    switch (local.modeJs) {","","","","    // run browser js-env code - function","    case 'browser':","        break;","","","","    // run node js-env code - function","    case 'node':","        break;","    }","","","","    // run shared js-env code - post-init","    (function () {","        return;","    }());","    switch (local.modeJs) {","","","","    // run browser js-env code - post-init","    case 'browser':","        local.testCase_browser_nullCase = local.testCase_browser_nullCase || function (","            options,","            onError","        ) {","        /*","         * this function will test browsers's null-case handling-behavior-behavior","         */","            onError(null, options);","        };","","        // run tests","        local.nop(local.modeTest &&","            document.querySelector('#testRunButton1') &&","            document.querySelector('#testRunButton1').click());","        break;","","","","    // run node js-env code - post-init","    /* istanbul ignore next */","    case 'node':","        local.testCase_buildApidoc_default = local.testCase_buildApidoc_default || function (","            options,","            onError","        ) {","        /*","         * this function will test buildApidoc's default handling-behavior-behavior","         */","            options = { modulePathList: module.paths };","            local.buildApidoc(options, onError);","        };","","        local.testCase_buildApp_default = local.testCase_buildApp_default || function (","            options,","            onError","        ) {","        /*","         * this function will test buildApp's default handling-behavior-behavior","         */","            local.testCase_buildReadme_default(options, local.onErrorThrow);","            local.testCase_buildLib_default(options, local.onErrorThrow);","            local.testCase_buildTest_default(options, local.onErrorThrow);","            local.testCase_buildCustomOrg_default(options, local.onErrorThrow);","            options = [];","            local.buildApp(options, onError);","        };","","        local.testCase_buildCustomOrg_default = local.testCase_buildCustomOrg_default ||","            function (options, onError) {","            /*","             * this function will test buildCustomOrg's default handling-behavior","             */","                options = {};","                local.buildCustomOrg(options, onError);","            };","","        local.testCase_buildLib_default = local.testCase_buildLib_default || function (","            options,","            onError","        ) {","        /*","         * this function will test buildLib's default handling-behavior","         */","            options = {};","            local.buildLib(options, onError);","        };","","        local.testCase_buildReadme_default = local.testCase_buildReadme_default || function (","            options,","            onError","        ) {","        /*","         * this function will test buildReadme's default handling-behavior-behavior","         */","            options = {};","            local.buildReadme(options, onError);","        };","","        local.testCase_buildTest_default = local.testCase_buildTest_default || function (","            options,","            onError","        ) {","        /*","         * this function will test buildTest's default handling-behavior","         */","            options = {};","            local.buildTest(options, onError);","        };","","        local.testCase_webpage_default = local.testCase_webpage_default || function (","            options,","            onError","        ) {","        /*","         * this function will test webpage's default handling-behavior","         */","            options = { modeCoverageMerge: true, url: local.serverLocalHost + '?modeTest=1' };","            local.browserTest(options, onError);","        };","","        // run test-server","        local.testRunServer(local);","        break;","    }","}());",""],"l":{"12":2,"14":2,"19":2,"21":2,"23":2,"24":2,"25":2,"30":1,"37":2,"40":2,"43":1,"47":1,"50":1,"52":1,"55":2,"61":2,"62":2,"64":2,"70":1,"76":1,"82":2,"83":2,"85":2,"91":1,"98":1,"102":1,"105":1,"112":1,"119":1,"120":1,"123":1,"130":1,"131":1,"132":1,"133":1,"134":1,"135":1,"138":1,"143":2,"144":2,"147":1,"154":2,"155":2,"158":1,"165":2,"166":2,"169":1,"176":2,"177":2,"180":1,"187":1,"188":1,"192":1,"193":1}},"/home/travis/build/npmtest/node-npmtest-web-audio-api/lib.npmtest_web_audio_api.js":{"path":"/home/travis/build/npmtest/node-npmtest-web-audio-api/lib.npmtest_web_audio_api.js","s":{"1":2,"2":2,"3":2,"4":2,"5":2,"6":2,"7":2,"8":1,"9":2,"10":2,"11":2,"12":2,"13":1,"14":1,"15":1,"16":1},"b":{"1":[2,1,1,1],"2":[1,1,1,1],"3":[1,1],"4":[2,2],"5":[1,1]},"f":{"1":2,"2":2,"3":2},"fnMap":{"1":{"name":"(anonymous_1)","line":12,"loc":{"start":{"line":12,"column":1},"end":{"line":12,"column":13}}},"2":{"name":"(anonymous_2)","line":19,"loc":{"start":{"line":19,"column":5},"end":{"line":19,"column":17}}},"3":{"name":"(anonymous_3)","line":23,"loc":{"start":{"line":23,"column":24},"end":{"line":23,"column":36}}}},"statementMap":{"1":{"start":{"line":12,"column":0},"end":{"line":53,"column":5}},"2":{"start":{"line":14,"column":4},"end":{"line":14,"column":14}},"3":{"start":{"line":19,"column":4},"end":{"line":52,"column":9}},"4":{"start":{"line":21,"column":8},"end":{"line":21,"column":19}},"5":{"start":{"line":23,"column":8},"end":{"line":35,"column":13}},"6":{"start":{"line":24,"column":12},"end":{"line":34,"column":13}},"7":{"start":{"line":25,"column":16},"end":{"line":28,"column":30}},"8":{"start":{"line":30,"column":16},"end":{"line":33,"column":27}},"9":{"start":{"line":37,"column":8},"end":{"line":39,"column":21}},"10":{"start":{"line":41,"column":8},"end":{"line":41,"column":54}},"11":{"start":{"line":43,"column":8},"end":{"line":43,"column":58}},"12":{"start":{"line":45,"column":8},"end":{"line":51,"column":9}},"13":{"start":{"line":46,"column":12},"end":{"line":46,"column":64}},"14":{"start":{"line":48,"column":12},"end":{"line":48,"column":35}},"15":{"start":{"line":49,"column":12},"end":{"line":49,"column":49}},"16":{"start":{"line":50,"column":12},"end":{"line":50,"column":43}}},"branchMap":{"1":{"line":25,"type":"binary-expr","locations":[{"start":{"line":25,"column":23},"end":{"line":25,"column":62}},{"start":{"line":26,"column":20},"end":{"line":26,"column":70}},{"start":{"line":27,"column":20},"end":{"line":27,"column":71}},{"start":{"line":28,"column":20},"end":{"line":28,"column":29}}]},"2":{"line":30,"type":"binary-expr","locations":[{"start":{"line":30,"column":23},"end":{"line":30,"column":37}},{"start":{"line":31,"column":20},"end":{"line":31,"column":61}},{"start":{"line":32,"column":20},"end":{"line":32,"column":70}},{"start":{"line":33,"column":20},"end":{"line":33,"column":26}}]},"3":{"line":37,"type":"cond-expr","locations":[{"start":{"line":38,"column":14},"end":{"line":38,"column":20}},{"start":{"line":39,"column":14},"end":{"line":39,"column":20}}]},"4":{"line":41,"type":"binary-expr","locations":[{"start":{"line":41,"column":16},"end":{"line":41,"column":44}},{"start":{"line":41,"column":48},"end":{"line":41,"column":53}}]},"5":{"line":45,"type":"if","locations":[{"start":{"line":45,"column":8},"end":{"line":45,"column":8}},{"start":{"line":45,"column":8},"end":{"line":45,"column":8}}]}},"code":["/* istanbul instrument in package npmtest_web_audio_api */","/*jslint","    bitwise: true,","    browser: true,","    maxerr: 8,","    maxlen: 96,","    node: true,","    nomen: true,","    regexp: true,","    stupid: true","*/","(function () {","    'use strict';","    var local;","","","","    // run shared js-env code - pre-init","    (function () {","        // init local","        local = {};","        // init modeJs","        local.modeJs = (function () {","            try {","                return typeof navigator.userAgent === 'string' &&","                    typeof document.querySelector('body') === 'object' &&","                    typeof XMLHttpRequest.prototype.open === 'function' &&","                    'browser';","            } catch (errorCaughtBrowser) {","                return module.exports &&","                    typeof process.versions.node === 'string' &&","                    typeof require('http').createServer === 'function' &&","                    'node';","            }","        }());","        // init global","        local.global = local.modeJs === 'browser'","            ? window","            : global;","        // init utility2_rollup","        local = local.global.utility2_rollup || local;","        // init lib","        local.local = local.npmtest_web_audio_api = local;","        // init exports","        if (local.modeJs === 'browser') {","            local.global.utility2_npmtest_web_audio_api = local;","        } else {","            module.exports = local;","            module.exports.__dirname = __dirname;","            module.exports.module = module;","        }","    }());","}());",""],"l":{"12":2,"14":2,"19":2,"21":2,"23":2,"24":2,"25":2,"30":1,"37":2,"41":2,"43":2,"45":2,"46":1,"48":1,"49":1,"50":1}},"/home/travis/build/npmtest/node-npmtest-web-audio-api/example.js":{"path":"/home/travis/build/npmtest/node-npmtest-web-audio-api/example.js","s":{"1":2,"2":2,"3":2,"4":2,"5":2,"6":2,"7":2,"8":1,"9":2,"10":2,"11":2,"12":2,"13":1,"14":2,"15":2,"16":2,"17":2,"18":2,"19":0,"20":2,"21":1,"22":1,"23":1,"24":1,"25":1,"26":0,"27":0,"28":1,"29":1,"30":2,"31":0,"32":0,"33":0,"34":1,"35":2,"36":2,"37":3,"38":3,"39":3,"40":3,"41":0,"42":3,"43":3,"44":3,"45":1,"46":3,"47":1,"48":1,"49":1,"50":1,"51":1,"52":1,"53":1,"54":1,"55":1,"56":1,"57":0,"58":1,"59":6,"60":6,"61":1,"62":2,"63":0,"64":2,"65":1,"66":1,"67":0,"68":0,"69":0,"70":0,"71":0,"72":0,"73":0,"74":0,"75":0,"76":0,"77":0,"78":0,"79":0,"80":0,"81":0,"82":0,"83":0},"b":{"1":[2,1,1,1],"2":[1,1,1,1],"3":[1,1],"4":[2,2],"5":[1,1],"6":[1,1],"7":[2,0],"8":[2,1,1,1,1,1],"9":[0,2,0],"10":[1,1],"11":[2,1,1],"12":[1,0],"13":[0,2],"14":[2,0,0,0,0,0,0],"15":[0,3],"16":[3,0],"17":[1,1],"18":[0,1],"19":[1,2,0,2],"20":[1,0],"21":[1,1],"22":[0,0],"23":[0,0],"24":[0,0],"25":[0,0],"26":[0,0],"27":[0,0],"28":[0,0]},"f":{"1":2,"2":2,"3":2,"4":2,"5":2,"6":2,"7":3,"8":3,"9":3,"10":1,"11":6,"12":0},"fnMap":{"1":{"name":"(anonymous_1)","line":26,"loc":{"start":{"line":26,"column":1},"end":{"line":26,"column":13}}},"2":{"name":"(anonymous_2)","line":33,"loc":{"start":{"line":33,"column":5},"end":{"line":33,"column":17}}},"3":{"name":"(anonymous_3)","line":37,"loc":{"start":{"line":37,"column":24},"end":{"line":37,"column":36}}},"4":{"name":"(anonymous_4)","line":69,"loc":{"start":{"line":69,"column":31},"end":{"line":69,"column":48}},"skip":true},"5":{"name":"(anonymous_5)","line":78,"loc":{"start":{"line":78,"column":26},"end":{"line":78,"column":45}},"skip":true},"6":{"name":"(anonymous_6)","line":123,"loc":{"start":{"line":123,"column":33},"end":{"line":123,"column":48}},"skip":true},"7":{"name":"(anonymous_7)","line":125,"loc":{"start":{"line":125,"column":27},"end":{"line":125,"column":39}},"skip":true},"8":{"name":"(anonymous_8)","line":133,"loc":{"start":{"line":133,"column":59},"end":{"line":133,"column":74}},"skip":true},"9":{"name":"(anonymous_9)","line":143,"loc":{"start":{"line":143,"column":45},"end":{"line":143,"column":62}},"skip":true},"10":{"name":"(anonymous_10)","line":144,"loc":{"start":{"line":144,"column":73},"end":{"line":144,"column":92}},"skip":true},"11":{"name":"(anonymous_11)","line":272,"loc":{"start":{"line":272,"column":51},"end":{"line":272,"column":77}},"skip":true},"12":{"name":"(anonymous_12)","line":315,"loc":{"start":{"line":315,"column":32},"end":{"line":315,"column":61}},"skip":true}},"statementMap":{"1":{"start":{"line":26,"column":0},"end":{"line":326,"column":5}},"2":{"start":{"line":28,"column":4},"end":{"line":28,"column":14}},"3":{"start":{"line":33,"column":4},"end":{"line":60,"column":9}},"4":{"start":{"line":35,"column":8},"end":{"line":35,"column":19}},"5":{"start":{"line":37,"column":8},"end":{"line":49,"column":13}},"6":{"start":{"line":38,"column":12},"end":{"line":48,"column":13}},"7":{"start":{"line":39,"column":16},"end":{"line":42,"column":30}},"8":{"start":{"line":44,"column":16},"end":{"line":47,"column":27}},"9":{"start":{"line":51,"column":8},"end":{"line":53,"column":21}},"10":{"start":{"line":55,"column":8},"end":{"line":57,"column":45}},"11":{"start":{"line":59,"column":8},"end":{"line":59,"column":35}},"12":{"start":{"line":61,"column":4},"end":{"line":325,"column":5}},"13":{"start":{"line":69,"column":8},"end":{"line":121,"column":10},"skip":true},"14":{"start":{"line":70,"column":12},"end":{"line":88,"column":13},"skip":true},"15":{"start":{"line":76,"column":16},"end":{"line":87,"column":19},"skip":true},"16":{"start":{"line":79,"column":20},"end":{"line":86,"column":21},"skip":true},"17":{"start":{"line":82,"column":24},"end":{"line":82,"column":43},"skip":true},"18":{"start":{"line":83,"column":24},"end":{"line":83,"column":30},"skip":true},"19":{"start":{"line":85,"column":24},"end":{"line":85,"column":49},"skip":true},"20":{"start":{"line":89,"column":12},"end":{"line":107,"column":13},"skip":true},"21":{"start":{"line":92,"column":16},"end":{"line":102,"column":17},"skip":true},"22":{"start":{"line":93,"column":20},"end":{"line":93,"column":86},"skip":true},"23":{"start":{"line":94,"column":20},"end":{"line":95,"column":45},"skip":true},"24":{"start":{"line":96,"column":20},"end":{"line":96,"column":42},"skip":true},"25":{"start":{"line":97,"column":20},"end":{"line":97,"column":48},"skip":true},"26":{"start":{"line":100,"column":20},"end":{"line":100,"column":85},"skip":true},"27":{"start":{"line":101,"column":20},"end":{"line":101,"column":96},"skip":true},"28":{"start":{"line":103,"column":16},"end":{"line":103,"column":22},"skip":true},"29":{"start":{"line":106,"column":16},"end":{"line":106,"column":22},"skip":true},"30":{"start":{"line":108,"column":12},"end":{"line":120,"column":13},"skip":true},"31":{"start":{"line":114,"column":16},"end":{"line":119,"column":17},"skip":true},"32":{"start":{"line":116,"column":20},"end":{"line":116,"column":78},"skip":true},"33":{"start":{"line":118,"column":20},"end":{"line":118,"column":47},"skip":true},"34":{"start":{"line":123,"column":8},"end":{"line":141,"column":11},"skip":true},"35":{"start":{"line":124,"column":12},"end":{"line":124,"column":54},"skip":true},"36":{"start":{"line":125,"column":12},"end":{"line":140,"column":14},"skip":true},"37":{"start":{"line":126,"column":16},"end":{"line":126,"column":28},"skip":true},"38":{"start":{"line":127,"column":16},"end":{"line":127,"column":69},"skip":true},"39":{"start":{"line":128,"column":16},"end":{"line":128,"column":75},"skip":true},"40":{"start":{"line":129,"column":16},"end":{"line":131,"column":17},"skip":true},"41":{"start":{"line":130,"column":20},"end":{"line":130,"column":27},"skip":true},"42":{"start":{"line":133,"column":16},"end":{"line":137,"column":36},"skip":true},"43":{"start":{"line":134,"column":20},"end":{"line":136,"column":55},"skip":true},"44":{"start":{"line":139,"column":16},"end":{"line":139,"column":57},"skip":true},"45":{"start":{"line":143,"column":8},"end":{"line":147,"column":11},"skip":true},"46":{"start":{"line":144,"column":12},"end":{"line":146,"column":15},"skip":true},"47":{"start":{"line":145,"column":16},"end":{"line":145,"column":70},"skip":true},"48":{"start":{"line":149,"column":8},"end":{"line":149,"column":31},"skip":true},"49":{"start":{"line":150,"column":8},"end":{"line":150,"column":14},"skip":true},"50":{"start":{"line":158,"column":8},"end":{"line":158,"column":31},"skip":true},"51":{"start":{"line":160,"column":8},"end":{"line":160,"column":33},"skip":true},"52":{"start":{"line":161,"column":8},"end":{"line":161,"column":37},"skip":true},"53":{"start":{"line":162,"column":8},"end":{"line":162,"column":35},"skip":true},"54":{"start":{"line":164,"column":8},"end":{"line":164,"column":50},"skip":true},"55":{"start":{"line":166,"column":8},"end":{"line":256,"column":2},"skip":true},"56":{"start":{"line":258,"column":8},"end":{"line":286,"column":9},"skip":true},"57":{"start":{"line":259,"column":12},"end":{"line":269,"column":14},"skip":true},"58":{"start":{"line":271,"column":12},"end":{"line":285,"column":19},"skip":true},"59":{"start":{"line":274,"column":20},"end":{"line":274,"column":35},"skip":true},"60":{"start":{"line":275,"column":20},"end":{"line":284,"column":21},"skip":true},"61":{"start":{"line":277,"column":24},"end":{"line":277,"column":64},"skip":true},"62":{"start":{"line":279,"column":24},"end":{"line":279,"column":40},"skip":true},"63":{"start":{"line":281,"column":24},"end":{"line":281,"column":40},"skip":true},"64":{"start":{"line":283,"column":24},"end":{"line":283,"column":39},"skip":true},"65":{"start":{"line":288,"column":8},"end":{"line":290,"column":9},"skip":true},"66":{"start":{"line":289,"column":12},"end":{"line":289,"column":18},"skip":true},"67":{"start":{"line":291,"column":8},"end":{"line":293,"column":54},"skip":true},"68":{"start":{"line":296,"column":8},"end":{"line":301,"column":37},"skip":true},"69":{"start":{"line":303,"column":8},"end":{"line":303,"column":82},"skip":true},"70":{"start":{"line":306,"column":8},"end":{"line":308,"column":9},"skip":true},"71":{"start":{"line":307,"column":12},"end":{"line":307,"column":82},"skip":true},"72":{"start":{"line":310,"column":8},"end":{"line":312,"column":9},"skip":true},"73":{"start":{"line":311,"column":12},"end":{"line":311,"column":18},"skip":true},"74":{"start":{"line":313,"column":8},"end":{"line":313,"column":54},"skip":true},"75":{"start":{"line":314,"column":8},"end":{"line":314,"column":69},"skip":true},"76":{"start":{"line":315,"column":8},"end":{"line":323,"column":36},"skip":true},"77":{"start":{"line":316,"column":12},"end":{"line":316,"column":61},"skip":true},"78":{"start":{"line":317,"column":12},"end":{"line":320,"column":13},"skip":true},"79":{"start":{"line":318,"column":16},"end":{"line":318,"column":75},"skip":true},"80":{"start":{"line":319,"column":16},"end":{"line":319,"column":23},"skip":true},"81":{"start":{"line":321,"column":12},"end":{"line":321,"column":38},"skip":true},"82":{"start":{"line":322,"column":12},"end":{"line":322,"column":27},"skip":true},"83":{"start":{"line":324,"column":8},"end":{"line":324,"column":14},"skip":true}},"branchMap":{"1":{"line":39,"type":"binary-expr","locations":[{"start":{"line":39,"column":23},"end":{"line":39,"column":62}},{"start":{"line":40,"column":20},"end":{"line":40,"column":70}},{"start":{"line":41,"column":20},"end":{"line":41,"column":71}},{"start":{"line":42,"column":20},"end":{"line":42,"column":29}}]},"2":{"line":44,"type":"binary-expr","locations":[{"start":{"line":44,"column":23},"end":{"line":44,"column":37}},{"start":{"line":45,"column":20},"end":{"line":45,"column":61}},{"start":{"line":46,"column":20},"end":{"line":46,"column":70}},{"start":{"line":47,"column":20},"end":{"line":47,"column":26}}]},"3":{"line":51,"type":"cond-expr","locations":[{"start":{"line":52,"column":14},"end":{"line":52,"column":20}},{"start":{"line":53,"column":14},"end":{"line":53,"column":20}}]},"4":{"line":55,"type":"binary-expr","locations":[{"start":{"line":55,"column":16},"end":{"line":55,"column":44}},{"start":{"line":55,"column":49},"end":{"line":57,"column":43}}]},"5":{"line":55,"type":"cond-expr","locations":[{"start":{"line":56,"column":14},"end":{"line":56,"column":57}},{"start":{"line":57,"column":14},"end":{"line":57,"column":43}}]},"6":{"line":61,"type":"switch","locations":[{"start":{"line":68,"column":4},"end":{"line":150,"column":14},"skip":true},{"start":{"line":156,"column":4},"end":{"line":324,"column":14},"skip":true}]},"7":{"line":70,"type":"if","locations":[{"start":{"line":70,"column":12},"end":{"line":70,"column":12},"skip":true},{"start":{"line":70,"column":12},"end":{"line":70,"column":12},"skip":true}]},"8":{"line":70,"type":"binary-expr","locations":[{"start":{"line":70,"column":16},"end":{"line":70,"column":22},"skip":true},{"start":{"line":70,"column":27},"end":{"line":70,"column":32},"skip":true},{"start":{"line":71,"column":20},"end":{"line":71,"column":39},"skip":true},{"start":{"line":72,"column":20},"end":{"line":72,"column":49},"skip":true},{"start":{"line":73,"column":20},"end":{"line":73,"column":58},"skip":true},{"start":{"line":74,"column":20},"end":{"line":74,"column":69},"skip":true}]},"9":{"line":79,"type":"switch","locations":[{"start":{"line":80,"column":20},"end":{"line":80,"column":33},"skip":true},{"start":{"line":81,"column":20},"end":{"line":83,"column":30},"skip":true},{"start":{"line":84,"column":20},"end":{"line":85,"column":49},"skip":true}]},"10":{"line":89,"type":"switch","locations":[{"start":{"line":90,"column":12},"end":{"line":103,"column":22},"skip":true},{"start":{"line":105,"column":12},"end":{"line":106,"column":22},"skip":true}]},"11":{"line":89,"type":"binary-expr","locations":[{"start":{"line":89,"column":20},"end":{"line":89,"column":25},"skip":true},{"start":{"line":89,"column":29},"end":{"line":89,"column":48},"skip":true},{"start":{"line":89,"column":52},"end":{"line":89,"column":74},"skip":true}]},"12":{"line":92,"type":"if","locations":[{"start":{"line":92,"column":16},"end":{"line":92,"column":16},"skip":true},{"start":{"line":92,"column":16},"end":{"line":92,"column":16},"skip":true}]},"13":{"line":108,"type":"if","locations":[{"start":{"line":108,"column":12},"end":{"line":108,"column":12},"skip":true},{"start":{"line":108,"column":12},"end":{"line":108,"column":12},"skip":true}]},"14":{"line":108,"type":"binary-expr","locations":[{"start":{"line":108,"column":16},"end":{"line":108,"column":61},"skip":true},{"start":{"line":108,"column":66},"end":{"line":108,"column":72},"skip":true},{"start":{"line":108,"column":77},"end":{"line":108,"column":82},"skip":true},{"start":{"line":109,"column":20},"end":{"line":109,"column":39},"skip":true},{"start":{"line":110,"column":20},"end":{"line":110,"column":49},"skip":true},{"start":{"line":111,"column":20},"end":{"line":111,"column":58},"skip":true},{"start":{"line":112,"column":20},"end":{"line":112,"column":68},"skip":true}]},"15":{"line":129,"type":"if","locations":[{"start":{"line":129,"column":16},"end":{"line":129,"column":16},"skip":true},{"start":{"line":129,"column":16},"end":{"line":129,"column":16},"skip":true}]},"16":{"line":134,"type":"cond-expr","locations":[{"start":{"line":135,"column":26},"end":{"line":135,"column":29},"skip":true},{"start":{"line":136,"column":26},"end":{"line":136,"column":54},"skip":true}]},"17":{"line":164,"type":"binary-expr","locations":[{"start":{"line":164,"column":27},"end":{"line":164,"column":43},"skip":true},{"start":{"line":164,"column":47},"end":{"line":164,"column":49},"skip":true}]},"18":{"line":258,"type":"if","locations":[{"start":{"line":258,"column":8},"end":{"line":258,"column":8},"skip":true},{"start":{"line":258,"column":8},"end":{"line":258,"column":8},"skip":true}]},"19":{"line":275,"type":"switch","locations":[{"start":{"line":276,"column":20},"end":{"line":277,"column":64},"skip":true},{"start":{"line":278,"column":20},"end":{"line":279,"column":40},"skip":true},{"start":{"line":280,"column":20},"end":{"line":281,"column":40},"skip":true},{"start":{"line":282,"column":20},"end":{"line":283,"column":39},"skip":true}]},"20":{"line":288,"type":"if","locations":[{"start":{"line":288,"column":8},"end":{"line":288,"column":8},"skip":true},{"start":{"line":288,"column":8},"end":{"line":288,"column":8},"skip":true}]},"21":{"line":288,"type":"binary-expr","locations":[{"start":{"line":288,"column":12},"end":{"line":288,"column":40},"skip":true},{"start":{"line":288,"column":44},"end":{"line":288,"column":67},"skip":true}]},"22":{"line":292,"type":"binary-expr","locations":[{"start":{"line":292,"column":12},"end":{"line":292,"column":50},"skip":true},{"start":{"line":293,"column":12},"end":{"line":293,"column":53},"skip":true}]},"23":{"line":297,"type":"binary-expr","locations":[{"start":{"line":297,"column":12},"end":{"line":297,"column":71},"skip":true},{"start":{"line":298,"column":12},"end":{"line":301,"column":36},"skip":true}]},"24":{"line":303,"type":"binary-expr","locations":[{"start":{"line":303,"column":43},"end":{"line":303,"column":75},"skip":true},{"start":{"line":303,"column":79},"end":{"line":303,"column":81},"skip":true}]},"25":{"line":306,"type":"if","locations":[{"start":{"line":306,"column":8},"end":{"line":306,"column":8},"skip":true},{"start":{"line":306,"column":8},"end":{"line":306,"column":8},"skip":true}]},"26":{"line":310,"type":"if","locations":[{"start":{"line":310,"column":8},"end":{"line":310,"column":8},"skip":true},{"start":{"line":310,"column":8},"end":{"line":310,"column":8},"skip":true}]},"27":{"line":313,"type":"binary-expr","locations":[{"start":{"line":313,"column":27},"end":{"line":313,"column":43},"skip":true},{"start":{"line":313,"column":47},"end":{"line":313,"column":53},"skip":true}]},"28":{"line":317,"type":"if","locations":[{"start":{"line":317,"column":12},"end":{"line":317,"column":12},"skip":true},{"start":{"line":317,"column":12},"end":{"line":317,"column":12},"skip":true}]}},"code":["/*","example.js","","quickstart example","","instruction","    1. save this script as example.js","    2. run the shell command:","        $ npm install npmtest-web-audio-api && PORT=8081 node example.js","    3. play with the browser-demo on http://127.0.0.1:8081","*/","","","","/* istanbul instrument in package npmtest_web_audio_api */","/*jslint","    bitwise: true,","    browser: true,","    maxerr: 8,","    maxlen: 96,","    node: true,","    nomen: true,","    regexp: true,","    stupid: true","*/","(function () {","    'use strict';","    var local;","","","","    // run shared js-env code - pre-init","    (function () {","        // init local","        local = {};","        // init modeJs","        local.modeJs = (function () {","            try {","                return typeof navigator.userAgent === 'string' &&","                    typeof document.querySelector('body') === 'object' &&","                    typeof XMLHttpRequest.prototype.open === 'function' &&","                    'browser';","            } catch (errorCaughtBrowser) {","                return module.exports &&","                    typeof process.versions.node === 'string' &&","                    typeof require('http').createServer === 'function' &&","                    'node';","            }","        }());","        // init global","        local.global = local.modeJs === 'browser'","            ? window","            : global;","        // init utility2_rollup","        local = local.global.utility2_rollup || (local.modeJs === 'browser'","            ? local.global.utility2_npmtest_web_audio_api","            : global.utility2_moduleExports);","        // export local","        local.global.local = local;","    }());","    switch (local.modeJs) {","","","","    // post-init","    // run browser js-env code - post-init","    /* istanbul ignore next */","    case 'browser':","        local.testRunBrowser = function (event) {","            if (!event || (event &&","                    event.currentTarget &&","                    event.currentTarget.className &&","                    event.currentTarget.className.includes &&","                    event.currentTarget.className.includes('onreset'))) {","                // reset output","                Array.from(","                    document.querySelectorAll('body > .resettable')","                ).forEach(function (element) {","                    switch (element.tagName) {","                    case 'INPUT':","                    case 'TEXTAREA':","                        element.value = '';","                        break;","                    default:","                        element.textContent = '';","                    }","                });","            }","            switch (event && event.currentTarget && event.currentTarget.id) {","            case 'testRunButton1':","                // show tests","                if (document.querySelector('#testReportDiv1').style.display === 'none') {","                    document.querySelector('#testReportDiv1').style.display = 'block';","                    document.querySelector('#testRunButton1').textContent =","                        'hide internal test';","                    local.modeTest = true;","                    local.testRunDefault(local);","                // hide tests","                } else {","                    document.querySelector('#testReportDiv1').style.display = 'none';","                    document.querySelector('#testRunButton1').textContent = 'run internal test';","                }","                break;","            // custom-case","            default:","                break;","            }","            if (document.querySelector('#inputTextareaEval1') && (!event || (event &&","                    event.currentTarget &&","                    event.currentTarget.className &&","                    event.currentTarget.className.includes &&","                    event.currentTarget.className.includes('oneval')))) {","                // try to eval input-code","                try {","                    /*jslint evil: true*/","                    eval(document.querySelector('#inputTextareaEval1').value);","                } catch (errorCaught) {","                    console.error(errorCaught);","                }","            }","        };","        // log stderr and stdout to #outputTextareaStdout1","        ['error', 'log'].forEach(function (key) {","            console[key + '_original'] = console[key];","            console[key] = function () {","                var element;","                console[key + '_original'].apply(console, arguments);","                element = document.querySelector('#outputTextareaStdout1');","                if (!element) {","                    return;","                }","                // append text to #outputTextareaStdout1","                element.value += Array.from(arguments).map(function (arg) {","                    return typeof arg === 'string'","                        ? arg","                        : JSON.stringify(arg, null, 4);","                }).join(' ') + '\\n';","                // scroll textarea to bottom","                element.scrollTop = element.scrollHeight;","            };","        });","        // init event-handling","        ['change', 'click', 'keyup'].forEach(function (event) {","            Array.from(document.querySelectorAll('.on' + event)).forEach(function (element) {","                element.addEventListener(event, local.testRunBrowser);","            });","        });","        // run tests","        local.testRunBrowser();","        break;","","","","    // run node js-env code - post-init","    /* istanbul ignore next */","    case 'node':","        // export local","        module.exports = local;","        // require modules","        local.fs = require('fs');","        local.http = require('http');","        local.url = require('url');","        // init assets","        local.assetsDict = local.assetsDict || {};","        /* jslint-ignore-begin */","        local.assetsDict['/assets.index.template.html'] = '\\","<!doctype html>\\n\\","<html lang=\"en\">\\n\\","<head>\\n\\","<meta charset=\"UTF-8\">\\n\\","<meta name=\"viewport\" content=\"width=device-width, initial-scale=1\">\\n\\","<title>{{env.npm_package_name}} (v{{env.npm_package_version}})</title>\\n\\","<style>\\n\\","/*csslint\\n\\","    box-sizing: false,\\n\\","    universal-selector: false\\n\\","*/\\n\\","* {\\n\\","    box-sizing: border-box;\\n\\","}\\n\\","body {\\n\\","    background: #dde;\\n\\","    font-family: Arial, Helvetica, sans-serif;\\n\\","    margin: 2rem;\\n\\","}\\n\\","body > * {\\n\\","    margin-bottom: 1rem;\\n\\","}\\n\\",".utility2FooterDiv {\\n\\","    margin-top: 20px;\\n\\","    text-align: center;\\n\\","}\\n\\","</style>\\n\\","<style>\\n\\","/*csslint\\n\\","*/\\n\\","textarea {\\n\\","    font-family: monospace;\\n\\","    height: 10rem;\\n\\","    width: 100%;\\n\\","}\\n\\","textarea[readonly] {\\n\\","    background: #ddd;\\n\\","}\\n\\","</style>\\n\\","</head>\\n\\","<body>\\n\\","<!-- utility2-comment\\n\\","<div id=\"ajaxProgressDiv1\" style=\"background: #d00; height: 2px; left: 0; margin: 0; padding: 0; position: fixed; top: 0; transition: background 0.5s, width 1.5s; width: 25%;\"></div>\\n\\","utility2-comment -->\\n\\","<h1>\\n\\","<!-- utility2-comment\\n\\","    <a\\n\\","        {{#if env.npm_package_homepage}}\\n\\","        href=\"{{env.npm_package_homepage}}\"\\n\\","        {{/if env.npm_package_homepage}}\\n\\","        target=\"_blank\"\\n\\","    >\\n\\","utility2-comment -->\\n\\","        {{env.npm_package_name}} (v{{env.npm_package_version}})\\n\\","<!-- utility2-comment\\n\\","    </a>\\n\\","utility2-comment -->\\n\\","</h1>\\n\\","<h3>{{env.npm_package_description}}</h3>\\n\\","<!-- utility2-comment\\n\\","<h4><a download href=\"assets.app.js\">download standalone app</a></h4>\\n\\","<button class=\"onclick onreset\" id=\"testRunButton1\">run internal test</button><br>\\n\\","<div id=\"testReportDiv1\" style=\"display: none;\"></div>\\n\\","utility2-comment -->\\n\\","\\n\\","\\n\\","\\n\\","<label>stderr and stdout</label>\\n\\","<textarea class=\"resettable\" id=\"outputTextareaStdout1\" readonly></textarea>\\n\\","<!-- utility2-comment\\n\\","{{#if isRollup}}\\n\\","<script src=\"assets.app.js\"></script>\\n\\","{{#unless isRollup}}\\n\\","utility2-comment -->\\n\\","<script src=\"assets.utility2.rollup.js\"></script>\\n\\","<script src=\"jsonp.utility2._stateInit?callback=window.utility2._stateInit\"></script>\\n\\","<script src=\"assets.npmtest_web_audio_api.rollup.js\"></script>\\n\\","<script src=\"assets.example.js\"></script>\\n\\","<script src=\"assets.test.js\"></script>\\n\\","<!-- utility2-comment\\n\\","{{/if isRollup}}\\n\\","utility2-comment -->\\n\\","<div class=\"utility2FooterDiv\">\\n\\","    [ this app was created with\\n\\","    <a href=\"https://github.com/kaizhu256/node-utility2\" target=\"_blank\">utility2</a>\\n\\","    ]\\n\\","</div>\\n\\","</body>\\n\\","</html>\\n\\","';","        /* jslint-ignore-end */","        if (local.templateRender) {","            local.assetsDict['/'] = local.templateRender(","                local.assetsDict['/assets.index.template.html'],","                {","                    env: local.objectSetDefault(local.env, {","                        npm_package_description: 'the greatest app in the world!',","                        npm_package_name: 'my-app',","                        npm_package_nameAlias: 'my_app',","                        npm_package_version: '0.0.1'","                    })","                }","            );","        } else {","            local.assetsDict['/'] = local.assetsDict['/assets.index.template.html']","                .replace((/\\{\\{env\\.(\\w+?)\\}\\}/g), function (match0, match1) {","                    // jslint-hack","                    String(match0);","                    switch (match1) {","                    case 'npm_package_description':","                        return 'the greatest app in the world!';","                    case 'npm_package_name':","                        return 'my-app';","                    case 'npm_package_nameAlias':","                        return 'my_app';","                    case 'npm_package_version':","                        return '0.0.1';","                    }","                });","        }","        // run the cli","        if (local.global.utility2_rollup || module !== require.main) {","            break;","        }","        local.assetsDict['/assets.example.js'] =","            local.assetsDict['/assets.example.js'] ||","            local.fs.readFileSync(__filename, 'utf8');","        // bug-workaround - long $npm_package_buildCustomOrg","        /* jslint-ignore-begin */","        local.assetsDict['/assets.npmtest_web_audio_api.rollup.js'] =","            local.assetsDict['/assets.npmtest_web_audio_api.rollup.js'] ||","            local.fs.readFileSync(","                local.npmtest_web_audio_api.__dirname + '/lib.npmtest_web_audio_api.js',","                'utf8'","            ).replace((/^#!/), '//');","        /* jslint-ignore-end */","        local.assetsDict['/favicon.ico'] = local.assetsDict['/favicon.ico'] || '';","        // if $npm_config_timeout_exit exists,","        // then exit this process after $npm_config_timeout_exit ms","        if (Number(process.env.npm_config_timeout_exit)) {","            setTimeout(process.exit, Number(process.env.npm_config_timeout_exit));","        }","        // start server","        if (local.global.utility2_serverHttp1) {","            break;","        }","        process.env.PORT = process.env.PORT || '8081';","        console.error('server starting on port ' + process.env.PORT);","        local.http.createServer(function (request, response) {","            request.urlParsed = local.url.parse(request.url);","            if (local.assetsDict[request.urlParsed.pathname] !== undefined) {","                response.end(local.assetsDict[request.urlParsed.pathname]);","                return;","            }","            response.statusCode = 404;","            response.end();","        }).listen(process.env.PORT);","        break;","    }","}());",""],"l":{"26":2,"28":2,"33":2,"35":2,"37":2,"38":2,"39":2,"44":1,"51":2,"55":2,"59":2,"61":2,"69":1,"70":2,"76":2,"79":2,"82":2,"83":2,"85":1,"89":2,"92":1,"93":1,"94":1,"96":1,"97":1,"100":1,"101":1,"103":1,"106":1,"108":2,"114":1,"116":1,"118":1,"123":1,"124":2,"125":2,"126":3,"127":3,"128":3,"129":3,"130":1,"133":3,"134":3,"139":3,"143":1,"144":3,"145":1,"149":1,"150":1,"158":1,"160":1,"161":1,"162":1,"164":1,"166":1,"258":1,"259":1,"271":1,"274":6,"275":6,"277":1,"279":2,"281":1,"283":2,"288":1,"289":1,"291":1,"296":1,"303":1,"306":1,"307":1,"310":1,"311":1,"313":1,"314":1,"315":1,"316":1,"317":1,"318":1,"319":1,"321":1,"322":1,"324":1}},"/home/travis/build/npmtest/node-npmtest-web-audio-api/node_modules/web-audio-api/index.js":{"path":"/home/travis/build/npmtest/node-npmtest-web-audio-api/node_modules/web-audio-api/index.js","s":{"1":1},"b":{},"f":{},"fnMap":{},"statementMap":{"1":{"start":{"line":1,"column":0},"end":{"line":13,"column":1}}},"branchMap":{},"code":["module.exports = {","","  AudioContext: require('./build/AudioContext'),","  AudioParam: require('./build/AudioParam'),","  AudioNode: require('./build/AudioNode'),","  AudioDestinationNode: require('./build/AudioDestinationNode'),","  AudioBuffer: require('./build/AudioBuffer'),","  AudioBufferSourceNode: require('./build/AudioBufferSourceNode'),","  GainNode: require('./build/GainNode'),","","  constants: require('./build/constants')","","}",""],"l":{"1":1}},"/home/travis/build/npmtest/node-npmtest-web-audio-api/node_modules/web-audio-api/build/AudioContext.js":{"path":"/home/travis/build/npmtest/node-npmtest-web-audio-api/node_modules/web-audio-api/build/AudioContext.js","s":{"1":1,"2":1,"3":1,"4":1,"5":1,"6":1,"7":1,"8":7,"9":7,"10":1,"11":1,"12":0,"13":0,"14":0,"15":0,"16":1,"17":1,"18":1,"19":1,"20":1,"21":0,"22":1,"23":1,"24":0,"25":0,"26":0,"27":0,"28":0,"29":0,"30":0,"31":0,"32":0,"33":0,"34":0,"35":0,"36":0,"37":0,"38":0,"39":0,"40":0,"41":0,"42":0,"43":0,"44":0,"45":0,"46":0,"47":0,"48":0,"49":0,"50":0,"51":0,"52":0,"53":0,"54":0,"55":0,"56":0,"57":0,"58":0,"59":1,"60":1,"61":1,"62":1,"63":1,"64":0,"65":1,"66":0,"67":0,"68":0,"69":0,"70":1,"71":0,"72":1,"73":0,"74":1,"75":0,"76":1,"77":0,"78":0,"79":0,"80":0,"81":0,"82":1,"83":0,"84":0,"85":0,"86":0,"87":0,"88":0,"89":0,"90":0,"91":0,"92":1,"93":1,"94":1,"95":1},"b":{"1":[7,0],"2":[1,0],"3":[0,0],"4":[0,1],"5":[0,0],"6":[0,0],"7":[0,0],"8":[0,0],"9":[0,0],"10":[0,0],"11":[0,0],"12":[1,0],"13":[1,0],"14":[0,0],"15":[0,0],"16":[0,0],"17":[0,0],"18":[0,0],"19":[0,0]},"f":{"1":1,"2":1,"3":0,"4":1,"5":0,"6":0,"7":0,"8":0,"9":0,"10":0,"11":0,"12":0,"13":0,"14":0,"15":0,"16":0,"17":0,"18":0,"19":0},"fnMap":{"1":{"name":"(anonymous_1)","line":1,"loc":{"start":{"line":1,"column":13},"end":{"line":1,"column":26}}},"2":{"name":"(anonymous_2)","line":1,"loc":{"start":{"line":1,"column":169},"end":{"line":1,"column":182}}},"3":{"name":"(anonymous_3)","line":1,"loc":{"start":{"line":1,"column":291},"end":{"line":1,"column":304}}},"4":{"name":"(anonymous_4)","line":15,"loc":{"start":{"line":15,"column":20},"end":{"line":15,"column":37}}},"5":{"name":"AudioContext","line":17,"loc":{"start":{"line":17,"column":2},"end":{"line":17,"column":30}}},"6":{"name":"(anonymous_6)","line":62,"loc":{"start":{"line":62,"column":49},"end":{"line":62,"column":61}}},"7":{"name":"(anonymous_7)","line":67,"loc":{"start":{"line":67,"column":8},"end":{"line":67,"column":20}}},"8":{"name":"(anonymous_8)","line":70,"loc":{"start":{"line":70,"column":8},"end":{"line":70,"column":24}}},"9":{"name":"(anonymous_9)","line":83,"loc":{"start":{"line":83,"column":8},"end":{"line":83,"column":23}}},"10":{"name":"(anonymous_10)","line":91,"loc":{"start":{"line":91,"column":25},"end":{"line":91,"column":72}}},"11":{"name":"(anonymous_11)","line":95,"loc":{"start":{"line":95,"column":28},"end":{"line":95,"column":80}}},"12":{"name":"(anonymous_12)","line":96,"loc":{"start":{"line":96,"column":37},"end":{"line":96,"column":64}}},"13":{"name":"(anonymous_13)","line":102,"loc":{"start":{"line":102,"column":31},"end":{"line":102,"column":42}}},"14":{"name":"(anonymous_14)","line":106,"loc":{"start":{"line":106,"column":23},"end":{"line":106,"column":34}}},"15":{"name":"(anonymous_15)","line":110,"loc":{"start":{"line":110,"column":34},"end":{"line":110,"column":102}}},"16":{"name":"(anonymous_16)","line":146,"loc":{"start":{"line":146,"column":18},"end":{"line":146,"column":29}}},"17":{"name":"(anonymous_17)","line":157,"loc":{"start":{"line":157,"column":25},"end":{"line":157,"column":50}}},"18":{"name":"(anonymous_18)","line":162,"loc":{"start":{"line":162,"column":14},"end":{"line":162,"column":37}}},"19":{"name":"(anonymous_19)","line":166,"loc":{"start":{"line":166,"column":15},"end":{"line":166,"column":39}}}},"statementMap":{"1":{"start":{"line":1,"column":0},"end":{"line":1,"column":77}},"2":{"start":{"line":1,"column":27},"end":{"line":1,"column":50}},"3":{"start":{"line":1,"column":50},"end":{"line":1,"column":67}},"4":{"start":{"line":1,"column":77},"end":{"line":1,"column":110}},"5":{"start":{"line":1,"column":110},"end":{"line":1,"column":155}},"6":{"start":{"line":1,"column":155},"end":{"line":1,"column":257}},"7":{"start":{"line":1,"column":183},"end":{"line":1,"column":247}},"8":{"start":{"line":1,"column":199},"end":{"line":1,"column":246}},"9":{"start":{"line":1,"column":223},"end":{"line":1,"column":245}},"10":{"start":{"line":1,"column":247},"end":{"line":1,"column":255}},"11":{"start":{"line":1,"column":257},"end":{"line":1,"column":437}},"12":{"start":{"line":1,"column":305},"end":{"line":1,"column":427}},"13":{"start":{"line":1,"column":315},"end":{"line":1,"column":332}},"14":{"start":{"line":1,"column":339},"end":{"line":1,"column":426}},"15":{"start":{"line":1,"column":427},"end":{"line":1,"column":435}},"16":{"start":{"line":1,"column":437},"end":{"line":1,"column":462}},"17":{"start":{"line":1,"column":462},"end":{"line":12,"column":58}},"18":{"start":{"line":15,"column":0},"end":{"line":175,"column":80}},"19":{"start":{"line":15,"column":51},"end":{"line":15,"column":79}},"20":{"start":{"line":15,"column":79},"end":{"line":15,"column":120}},"21":{"start":{"line":15,"column":89},"end":{"line":15,"column":120}},"22":{"start":{"line":15,"column":120},"end":{"line":15,"column":135}},"23":{"start":{"line":17,"column":2},"end":{"line":89,"column":3}},"24":{"start":{"line":17,"column":31},"end":{"line":17,"column":49}},"25":{"start":{"line":18,"column":4},"end":{"line":18,"column":15}},"26":{"start":{"line":25,"column":4},"end":{"line":28,"column":6}},"27":{"start":{"line":40,"column":4},"end":{"line":40,"column":24}},"28":{"start":{"line":41,"column":4},"end":{"line":41,"column":27}},"29":{"start":{"line":42,"column":4},"end":{"line":42,"column":29}},"30":{"start":{"line":43,"column":4},"end":{"line":43,"column":22}},"31":{"start":{"line":45,"column":4},"end":{"line":49,"column":5}},"32":{"start":{"line":51,"column":4},"end":{"line":51,"column":21}},"33":{"start":{"line":52,"column":4},"end":{"line":52,"column":65}},"34":{"start":{"line":52,"column":25},"end":{"line":52,"column":65}},"35":{"start":{"line":53,"column":4},"end":{"line":53,"column":65}},"36":{"start":{"line":53,"column":25},"end":{"line":53,"column":65}},"37":{"start":{"line":55,"column":4},"end":{"line":55,"column":25}},"38":{"start":{"line":56,"column":4},"end":{"line":56,"column":55}},"39":{"start":{"line":57,"column":4},"end":{"line":57,"column":19}},"40":{"start":{"line":58,"column":4},"end":{"line":58,"column":24}},"41":{"start":{"line":59,"column":4},"end":{"line":59,"column":37}},"42":{"start":{"line":62,"column":4},"end":{"line":88,"column":6}},"43":{"start":{"line":63,"column":6},"end":{"line":63,"column":45}},"44":{"start":{"line":63,"column":39},"end":{"line":63,"column":45}},"45":{"start":{"line":64,"column":6},"end":{"line":64,"column":101}},"46":{"start":{"line":64,"column":29},"end":{"line":64,"column":101}},"47":{"start":{"line":65,"column":6},"end":{"line":65,"column":40}},"48":{"start":{"line":66,"column":6},"end":{"line":87,"column":7}},"49":{"start":{"line":68,"column":10},"end":{"line":68,"column":32}},"50":{"start":{"line":71,"column":10},"end":{"line":71,"column":46}},"51":{"start":{"line":74,"column":10},"end":{"line":74,"column":37}},"52":{"start":{"line":75,"column":10},"end":{"line":75,"column":68}},"53":{"start":{"line":79,"column":10},"end":{"line":81,"column":51}},"54":{"start":{"line":80,"column":12},"end":{"line":80,"column":30}},"55":{"start":{"line":81,"column":15},"end":{"line":81,"column":51}},"56":{"start":{"line":84,"column":10},"end":{"line":84,"column":45}},"57":{"start":{"line":85,"column":10},"end":{"line":85,"column":51}},"58":{"start":{"line":85,"column":19},"end":{"line":85,"column":51}},"59":{"start":{"line":89,"column":3},"end":{"line":89,"column":48}},"60":{"start":{"line":89,"column":21},"end":{"line":89,"column":48}},"61":{"start":{"line":89,"column":48},"end":{"line":89,"column":192}},"62":{"start":{"line":89,"column":192},"end":{"line":89,"column":282}},"63":{"start":{"line":91,"column":2},"end":{"line":93,"column":4}},"64":{"start":{"line":92,"column":4},"end":{"line":92,"column":64}},"65":{"start":{"line":95,"column":2},"end":{"line":100,"column":4}},"66":{"start":{"line":96,"column":4},"end":{"line":99,"column":6}},"67":{"start":{"line":97,"column":6},"end":{"line":98,"column":39}},"68":{"start":{"line":97,"column":15},"end":{"line":97,"column":33}},"69":{"start":{"line":98,"column":11},"end":{"line":98,"column":39}},"70":{"start":{"line":102,"column":2},"end":{"line":104,"column":4}},"71":{"start":{"line":103,"column":4},"end":{"line":103,"column":42}},"72":{"start":{"line":106,"column":2},"end":{"line":108,"column":4}},"73":{"start":{"line":107,"column":4},"end":{"line":107,"column":29}},"74":{"start":{"line":110,"column":2},"end":{"line":112,"column":4}},"75":{"start":{"line":111,"column":4},"end":{"line":111,"column":99}},"76":{"start":{"line":146,"column":2},"end":{"line":155,"column":4}},"77":{"start":{"line":147,"column":4},"end":{"line":147,"column":25}},"78":{"start":{"line":148,"column":4},"end":{"line":154,"column":5}},"79":{"start":{"line":149,"column":6},"end":{"line":153,"column":7}},"80":{"start":{"line":150,"column":8},"end":{"line":150,"column":30}},"81":{"start":{"line":152,"column":8},"end":{"line":152,"column":28}},"82":{"start":{"line":157,"column":2},"end":{"line":173,"column":4}},"83":{"start":{"line":157,"column":51},"end":{"line":157,"column":69}},"84":{"start":{"line":158,"column":4},"end":{"line":158,"column":29}},"85":{"start":{"line":159,"column":4},"end":{"line":159,"column":35}},"86":{"start":{"line":160,"column":4},"end":{"line":171,"column":8}},"87":{"start":{"line":163,"column":8},"end":{"line":163,"column":34}},"88":{"start":{"line":167,"column":8},"end":{"line":170,"column":9}},"89":{"start":{"line":168,"column":10},"end":{"line":168,"column":37}},"90":{"start":{"line":169,"column":10},"end":{"line":169,"column":53}},"91":{"start":{"line":172,"column":4},"end":{"line":172,"column":19}},"92":{"start":{"line":175,"column":0},"end":{"line":175,"column":40}},"93":{"start":{"line":175,"column":40},"end":{"line":175,"column":55}},"94":{"start":{"line":175,"column":55},"end":{"line":175,"column":75}},"95":{"start":{"line":177,"column":0},"end":{"line":177,"column":29}}},"branchMap":{"1":{"line":1,"type":"if","locations":[{"start":{"line":1,"column":199},"end":{"line":1,"column":199}},{"start":{"line":1,"column":199},"end":{"line":1,"column":199}}]},"2":{"line":1,"type":"binary-expr","locations":[{"start":{"line":1,"column":268},"end":{"line":1,"column":289}},{"start":{"line":1,"column":291},"end":{"line":1,"column":436}}]},"3":{"line":1,"type":"if","locations":[{"start":{"line":1,"column":305},"end":{"line":1,"column":305}},{"start":{"line":1,"column":305},"end":{"line":1,"column":305}}]},"4":{"line":15,"type":"if","locations":[{"start":{"line":15,"column":79},"end":{"line":15,"column":79}},{"start":{"line":15,"column":79},"end":{"line":15,"column":79}}]},"5":{"line":51,"type":"binary-expr","locations":[{"start":{"line":51,"column":11},"end":{"line":51,"column":15}},{"start":{"line":51,"column":19},"end":{"line":51,"column":21}}]},"6":{"line":52,"type":"if","locations":[{"start":{"line":52,"column":4},"end":{"line":52,"column":4}},{"start":{"line":52,"column":4},"end":{"line":52,"column":4}}]},"7":{"line":53,"type":"if","locations":[{"start":{"line":53,"column":4},"end":{"line":53,"column":4}},{"start":{"line":53,"column":4},"end":{"line":53,"column":4}}]},"8":{"line":63,"type":"if","locations":[{"start":{"line":63,"column":6},"end":{"line":63,"column":6}},{"start":{"line":63,"column":6},"end":{"line":63,"column":6}}]},"9":{"line":64,"type":"if","locations":[{"start":{"line":64,"column":6},"end":{"line":64,"column":6}},{"start":{"line":64,"column":6},"end":{"line":64,"column":6}}]},"10":{"line":79,"type":"if","locations":[{"start":{"line":79,"column":10},"end":{"line":79,"column":10}},{"start":{"line":79,"column":10},"end":{"line":79,"column":10}}]},"11":{"line":85,"type":"if","locations":[{"start":{"line":85,"column":10},"end":{"line":85,"column":10}},{"start":{"line":85,"column":10},"end":{"line":85,"column":10}}]},"12":{"line":89,"type":"if","locations":[{"start":{"line":89,"column":3},"end":{"line":89,"column":3}},{"start":{"line":89,"column":3},"end":{"line":89,"column":3}}]},"13":{"line":89,"type":"cond-expr","locations":[{"start":{"line":89,"column":93},"end":{"line":89,"column":110}},{"start":{"line":89,"column":111},"end":{"line":89,"column":115}}]},"14":{"line":97,"type":"if","locations":[{"start":{"line":97,"column":6},"end":{"line":97,"column":6}},{"start":{"line":97,"column":6},"end":{"line":97,"column":6}}]},"15":{"line":148,"type":"if","locations":[{"start":{"line":148,"column":4},"end":{"line":148,"column":4}},{"start":{"line":148,"column":4},"end":{"line":148,"column":4}}]},"16":{"line":149,"type":"if","locations":[{"start":{"line":149,"column":6},"end":{"line":149,"column":6}},{"start":{"line":149,"column":6},"end":{"line":149,"column":6}}]},"17":{"line":158,"type":"binary-expr","locations":[{"start":{"line":158,"column":15},"end":{"line":158,"column":23}},{"start":{"line":158,"column":27},"end":{"line":158,"column":29}}]},"18":{"line":159,"type":"binary-expr","locations":[{"start":{"line":159,"column":11},"end":{"line":159,"column":15}},{"start":{"line":159,"column":19},"end":{"line":159,"column":35}}]},"19":{"line":167,"type":"if","locations":[{"start":{"line":167,"column":8},"end":{"line":167,"column":8}},{"start":{"line":167,"column":8},"end":{"line":167,"column":8}}]}},"code":["var PRS$0 = (function(o,t){o[\"__proto__\"]={\"a\":t};return o[\"a\"]===t})({},{});var DP$0 = Object.defineProperty;var GOPD$0 = Object.getOwnPropertyDescriptor;var MIXIN$0 = function(t,s){for(var p in s){if(s.hasOwnProperty(p)){DP$0(t,p,GOPD$0(s,p));}}return t};var SP$0 = Object.setPrototypeOf||function(o,p){if(PRS$0){o[\"__proto__\"]=p;}else {DP$0(o,\"__proto__\",{\"value\":p,\"configurable\":true,\"enumerable\":false,\"writable\":true});}return o};var OC$0 = Object.create;var _ = require('underscore')","  , events = require('events')","  , async = require('async')","  , pcmUtils = require('pcm-boilerplate')","  , utils = require('./utils')","  , constants = require('./constants')","  , BLOCK_SIZE = constants.BLOCK_SIZE","  , AudioBuffer = require('./AudioBuffer')","  , AudioDestinationNode = require('./AudioDestinationNode')","  , AudioBufferSourceNode = require('./AudioBufferSourceNode')","  , GainNode = require('./GainNode')","  , ScriptProcessorNode = require('./ScriptProcessorNode')","","","var AudioContext = (function(super$0){\"use strict\";super$0=events.EventEmitter;if(!PRS$0)MIXIN$0(AudioContext, super$0);var proto$0={};","","  function AudioContext(opts) {var this$0 = this;","    var outBuff","","    /*Object.defineProperty(this, 'currentTime', {","    writable: false,","    get: function() {}","  })*/","","    Object.defineProperty(this, 'destination', {","      writable: false,","      value: new AudioDestinationNode(this)","    })","    //this.destination = new AudioDestinationNode(this)","","    /*Object.defineProperty(this, 'sampleRate', {","    writable: false,","    value: {} // TODO","  })","","  Object.defineProperty(this, 'listener', {","    writable: false,","    value: {} // TODO","  })*/","    this.currentTime = 0","    this.sampleRate = 44100","    this.numberOfChannels = 2","    this.bitDepth = 16","","    this.format = {","      numberOfChannels: 2,","      bitDepth: 16,","      sampleRate: this.sampleRate","    }","","    opts = opts || {}","    if (opts.bufferSize) this.format.bufferSize = opts.bufferSize","    if (opts.numBuffers) this.format.numBuffers = opts.numBuffers","","    this.outStream = null","    this._encoder = pcmUtils.BufferEncoder(this.format)","    this._frame = 0","    this._playing = true","    this._audioOutLoopRunning = false","","    // When a new connection is established, start to pull audio","    this.destination._inputs[0].on('connection', function()  {","      if (this$0._audioOutLoopRunning) return","      if (!this$0.outStream) throw new Error('you need to set outStream to send the audio somewhere')","      this$0._audioOutLoopRunning = true","      async.whilst(","        function()  {","          return this$0._playing","        },","        function(next)  {","          outBuff = this$0.destination._tick()","          // If there is space in the output stream's buffers, we write,","          // otherwise we wait for 'drain'","          this$0._frame += BLOCK_SIZE","          this$0.currentTime = this$0._frame * 1 / this$0.sampleRate","          // TODO setImmediate here is for cases where the outStream won't get","          // full and we end up with call stack max size reached.","          // But is it optimal?","          if (this$0.outStream.write(this$0._encoder(outBuff._data)))","            setImmediate(next)","          else this$0.outStream.once('drain', next)","        },","        function(err)  {","          this$0._audioOutLoopRunning = false","          if (err) return this$0.emit('error', err)","        }","      )","    })","  }if(super$0!==null)SP$0(AudioContext,super$0);AudioContext.prototype = OC$0(super$0!==null?super$0.prototype:null,{\"constructor\":{\"value\":AudioContext,\"configurable\":true,\"writable\":true}});DP$0(AudioContext,\"prototype\",{\"configurable\":false,\"enumerable\":false,\"writable\":false});","","  proto$0.createBuffer = function(numberOfChannels, length, sampleRate) {","    return new AudioBuffer(numberOfChannels, length, sampleRate)","  };","","  proto$0.decodeAudioData = function(audioData, successCallback, errorCallback) {","    utils.decodeAudioData(audioData, function(err, audioBuffer) {","      if (err) errorCallback(err)","      else successCallback(audioBuffer)","    })","  };","","  proto$0.createBufferSource = function() {","    return new AudioBufferSourceNode(this)","  };","","  proto$0.createGain = function() {","    return new GainNode(this)","  };","","  proto$0.createScriptProcessor = function(bufferSize, numberOfInputChannels, numberOfOutputChannels) {","    return new ScriptProcessorNode(this, bufferSize, numberOfInputChannels, numberOfOutputChannels)","  };","","  /*","{","","    readonly attribute AudioDestinationNode destination","    readonly attribute float sampleRate","    readonly attribute double currentTime","    readonly attribute AudioListener listener","","    // AudioNode creation","    MediaElementAudioSourceNode createMediaElementSource(HTMLMediaElement mediaElement)","","    MediaStreamAudioSourceNode createMediaStreamSource(MediaStream mediaStream)","    MediaStreamAudioDestinationNode createMediaStreamDestination()","","    AnalyserNode createAnalyser()","    DelayNode createDelay(optional double maxDelayTime = 1.0)","    BiquadFilterNode createBiquadFilter()","    WaveShaperNode createWaveShaper()","    PannerNode createPanner()","    ConvolverNode createConvolver()","","    ChannelSplitterNode createChannelSplitter(optional unsigned long numberOfOutputs = 6)","    ChannelMergerNode createChannelMerger(optional unsigned long numberOfInputs = 6)","","    DynamicsCompressorNode createDynamicsCompressor()","","    OscillatorNode createOscillator()","    PeriodicWave createPeriodicWave(Float32Array real, Float32Array imag)","","}","  */","","  proto$0._kill = function() {","    this._playing = false","    if (this.outStream) {","      if (this.outStream.close) {","        this.outStream.close()","      } else {","        this.outStream.end()","      }","    }","  };","","  proto$0.collectNodes = function(node, allNodes) {var this$0 = this;","    allNodes = allNodes || []","    node = node || this.destination","    _.chain(node._inputs)","      .pluck('sources')","      .reduce(function(all, sources) {","        return all.concat(sources)","      }, [])","      .pluck('node').value()","      .forEach(function(upstreamNode)  {","        if (!_.contains(allNodes, upstreamNode)) {","          allNodes.push(upstreamNode)","          this$0.collectNodes(upstreamNode, allNodes)","        }","      })","    return allNodes","  };","","MIXIN$0(AudioContext.prototype,proto$0);proto$0=void 0;return AudioContext;})();","","module.exports = AudioContext",""],"l":{"1":7,"15":1,"17":1,"18":0,"25":0,"40":0,"41":0,"42":0,"43":0,"45":0,"51":0,"52":0,"53":0,"55":0,"56":0,"57":0,"58":0,"59":0,"62":0,"63":0,"64":0,"65":0,"66":0,"68":0,"71":0,"74":0,"75":0,"79":0,"80":0,"81":0,"84":0,"85":0,"89":1,"91":1,"92":0,"95":1,"96":0,"97":0,"98":0,"102":1,"103":0,"106":1,"107":0,"110":1,"111":0,"146":1,"147":0,"148":0,"149":0,"150":0,"152":0,"157":1,"158":0,"159":0,"160":0,"163":0,"167":0,"168":0,"169":0,"172":0,"175":1,"177":1}},"/home/travis/build/npmtest/node-npmtest-web-audio-api/node_modules/web-audio-api/build/utils.js":{"path":"/home/travis/build/npmtest/node-npmtest-web-audio-api/node_modules/web-audio-api/build/utils.js","s":{"1":1,"2":1,"3":0,"4":1,"5":0,"6":0,"7":0,"8":0,"9":0,"10":0,"11":0,"12":0,"13":0,"14":0,"15":0,"16":0},"b":{},"f":{"1":0,"2":0,"3":0,"4":0},"fnMap":{"1":{"name":"(anonymous_1)","line":10,"loc":{"start":{"line":10,"column":30},"end":{"line":10,"column":57}}},"2":{"name":"(anonymous_2)","line":19,"loc":{"start":{"line":19,"column":33},"end":{"line":19,"column":56}}},"3":{"name":"(anonymous_3)","line":22,"loc":{"start":{"line":22,"column":20},"end":{"line":22,"column":34}}},"4":{"name":"(anonymous_4)","line":26,"loc":{"start":{"line":26,"column":23},"end":{"line":26,"column":41}}}},"statementMap":{"1":{"start":{"line":1,"column":0},"end":{"line":6,"column":24}},"2":{"start":{"line":10,"column":0},"end":{"line":15,"column":1}},"3":{"start":{"line":11,"column":2},"end":{"line":14,"column":4}},"4":{"start":{"line":19,"column":0},"end":{"line":43,"column":1}},"5":{"start":{"line":20,"column":2},"end":{"line":20,"column":41}},"6":{"start":{"line":22,"column":2},"end":{"line":24,"column":4}},"7":{"start":{"line":23,"column":4},"end":{"line":23,"column":13}},"8":{"start":{"line":26,"column":2},"end":{"line":42,"column":4}},"9":{"start":{"line":27,"column":4},"end":{"line":30,"column":22}},"10":{"start":{"line":32,"column":4},"end":{"line":33,"column":50}},"11":{"start":{"line":33,"column":6},"end":{"line":33,"column":50}},"12":{"start":{"line":35,"column":4},"end":{"line":39,"column":5}},"13":{"start":{"line":36,"column":6},"end":{"line":36,"column":33}},"14":{"start":{"line":37,"column":6},"end":{"line":38,"column":55}},"15":{"start":{"line":38,"column":8},"end":{"line":38,"column":55}},"16":{"start":{"line":41,"column":4},"end":{"line":41,"column":77}}},"branchMap":{},"code":["var AudioBuffer = require('./AudioBuffer')","  , AV = require('av')","  , mp3 = require('mp3')","  , flac = require('flac')","  , alac = require('alac')","  , aac = require('aac')","","","// Simple helper to make defining a read-only attribute less verbose","module.exports.readOnlyAttr = function(obj, name, value) {","  Object.defineProperty(obj, name, {","    value: value,","    writable: false","  })","}","","// Helper to decode a buffer of encoded audio data.","// Guesses the format, and decodes to an AudioBuffer accordingly.","module.exports.decodeAudioData = function(buffer, done) {","  var asset = AV.Asset.fromBuffer(buffer)","","  asset.on('error', function(err) {","    done(err)","  })","","  asset.decodeToBuffer(function(decoded) {","    var deinterleaved = []","      , numberOfChannels = asset.format.channelsPerFrame","      , length = Math.floor(decoded.length / numberOfChannels)","      , ch, chArray, i","","    for (ch = 0; ch < numberOfChannels; ch++)","      deinterleaved.push(new Float32Array(length))","","    for (ch = 0; ch < numberOfChannels; ch++) {","      chArray = deinterleaved[ch]","      for (i = 0; i < length; i++)","        chArray[i] = decoded[ch + i * numberOfChannels]","    }","","    done(null, AudioBuffer.fromArray(deinterleaved, asset.format.sampleRate))","  })","}",""],"l":{"1":1,"10":1,"11":0,"19":1,"20":0,"22":0,"23":0,"26":0,"27":0,"32":0,"33":0,"35":0,"36":0,"37":0,"38":0,"41":0}},"/home/travis/build/npmtest/node-npmtest-web-audio-api/node_modules/web-audio-api/build/AudioBuffer.js":{"path":"/home/travis/build/npmtest/node-npmtest-web-audio-api/node_modules/web-audio-api/build/AudioBuffer.js","s":{"1":1,"2":1,"3":1,"4":1,"5":1,"6":1,"7":1,"8":1,"9":2,"10":7,"11":7,"12":2,"13":1,"14":1,"15":0,"16":0,"17":0,"18":0,"19":0,"20":0,"21":1,"22":1,"23":0,"24":0,"25":0,"26":1,"27":0,"28":0,"29":0,"30":0,"31":1,"32":0,"33":0,"34":0,"35":0,"36":0,"37":0,"38":0,"39":0,"40":0,"41":0,"42":1,"43":0,"44":0,"45":0,"46":0,"47":0,"48":0,"49":1,"50":0,"51":0,"52":0,"53":0,"54":0,"55":0,"56":0,"57":0,"58":0,"59":0,"60":1,"61":0,"62":0,"63":0,"64":0,"65":0,"66":0,"67":1,"68":0,"69":0,"70":0,"71":0,"72":0,"73":0,"74":0,"75":1,"76":1,"77":1,"78":1,"79":1},"b":{"1":[7,0],"2":[0,0],"3":[0,0],"4":[0,0],"5":[0,0],"6":[0,0],"7":[0,0],"8":[0,0],"9":[0,0],"10":[0,0],"11":[0,0]},"f":{"1":1,"2":1,"3":2,"4":0,"5":0,"6":0,"7":0,"8":0,"9":0,"10":0,"11":0,"12":0,"13":0,"14":0,"15":0},"fnMap":{"1":{"name":"(anonymous_1)","line":3,"loc":{"start":{"line":3,"column":19},"end":{"line":3,"column":29}}},"2":{"name":"(anonymous_2)","line":3,"loc":{"start":{"line":3,"column":56},"end":{"line":3,"column":69}}},"3":{"name":"(anonymous_3)","line":3,"loc":{"start":{"line":3,"column":212},"end":{"line":3,"column":225}}},"4":{"name":"AudioBuffer","line":5,"loc":{"start":{"line":5,"column":2},"end":{"line":5,"column":61}}},"5":{"name":"(anonymous_5)","line":16,"loc":{"start":{"line":16,"column":27},"end":{"line":16,"column":45}}},"6":{"name":"(anonymous_6)","line":21,"loc":{"start":{"line":21,"column":18},"end":{"line":21,"column":29}}},"7":{"name":"(anonymous_7)","line":23,"loc":{"start":{"line":23,"column":31},"end":{"line":23,"column":49}}},"8":{"name":"(anonymous_8)","line":29,"loc":{"start":{"line":29,"column":19},"end":{"line":29,"column":35}}},"9":{"name":"(anonymous_9)","line":35,"loc":{"start":{"line":35,"column":44},"end":{"line":35,"column":66}}},"10":{"name":"(anonymous_10)","line":44,"loc":{"start":{"line":44,"column":16},"end":{"line":44,"column":40}}},"11":{"name":"(anonymous_11)","line":49,"loc":{"start":{"line":49,"column":23},"end":{"line":49,"column":45}}},"12":{"name":"(anonymous_12)","line":54,"loc":{"start":{"line":54,"column":25},"end":{"line":54,"column":72}}},"13":{"name":"(anonymous_13)","line":76,"loc":{"start":{"line":76,"column":27},"end":{"line":76,"column":79}}},"14":{"name":"(anonymous_14)","line":86,"loc":{"start":{"line":86,"column":23},"end":{"line":86,"column":51}}},"15":{"name":"(anonymous_15)","line":89,"loc":{"start":{"line":89,"column":18},"end":{"line":89,"column":36}}}},"statementMap":{"1":{"start":{"line":1,"column":0},"end":{"line":1,"column":29}},"2":{"start":{"line":3,"column":0},"end":{"line":97,"column":117}},"3":{"start":{"line":3,"column":43},"end":{"line":3,"column":120}},"4":{"start":{"line":3,"column":70},"end":{"line":3,"column":93}},"5":{"start":{"line":3,"column":93},"end":{"line":3,"column":110}},"6":{"start":{"line":3,"column":120},"end":{"line":3,"column":153}},"7":{"start":{"line":3,"column":153},"end":{"line":3,"column":198}},"8":{"start":{"line":3,"column":198},"end":{"line":3,"column":300}},"9":{"start":{"line":3,"column":226},"end":{"line":3,"column":290}},"10":{"start":{"line":3,"column":242},"end":{"line":3,"column":289}},"11":{"start":{"line":3,"column":266},"end":{"line":3,"column":288}},"12":{"start":{"line":3,"column":290},"end":{"line":3,"column":298}},"13":{"start":{"line":3,"column":300},"end":{"line":3,"column":327}},"14":{"start":{"line":5,"column":2},"end":{"line":14,"column":3}},"15":{"start":{"line":6,"column":4},"end":{"line":6,"column":10}},"16":{"start":{"line":7,"column":4},"end":{"line":7,"column":19}},"17":{"start":{"line":9,"column":4},"end":{"line":13,"column":5}},"18":{"start":{"line":10,"column":6},"end":{"line":11,"column":49}},"19":{"start":{"line":11,"column":8},"end":{"line":11,"column":49}},"20":{"start":{"line":12,"column":6},"end":{"line":12,"column":61}},"21":{"start":{"line":14,"column":3},"end":{"line":14,"column":92}},"22":{"start":{"line":16,"column":2},"end":{"line":19,"column":4}},"23":{"start":{"line":17,"column":4},"end":{"line":17,"column":76}},"24":{"start":{"line":17,"column":42},"end":{"line":17,"column":76}},"25":{"start":{"line":18,"column":4},"end":{"line":18,"column":30}},"26":{"start":{"line":21,"column":2},"end":{"line":27,"column":4}},"27":{"start":{"line":22,"column":4},"end":{"line":22,"column":40}},"28":{"start":{"line":23,"column":4},"end":{"line":25,"column":8}},"29":{"start":{"line":24,"column":8},"end":{"line":24,"column":57}},"30":{"start":{"line":26,"column":4},"end":{"line":26,"column":56}},"31":{"start":{"line":29,"column":2},"end":{"line":42,"column":4}},"32":{"start":{"line":30,"column":4},"end":{"line":31,"column":75}},"33":{"start":{"line":31,"column":6},"end":{"line":31,"column":75}},"34":{"start":{"line":32,"column":4},"end":{"line":33,"column":81}},"35":{"start":{"line":33,"column":6},"end":{"line":33,"column":81}},"36":{"start":{"line":34,"column":4},"end":{"line":40,"column":8}},"37":{"start":{"line":36,"column":8},"end":{"line":36,"column":48}},"38":{"start":{"line":37,"column":8},"end":{"line":37,"column":31}},"39":{"start":{"line":38,"column":8},"end":{"line":38,"column":55}},"40":{"start":{"line":39,"column":8},"end":{"line":39,"column":25}},"41":{"start":{"line":41,"column":4},"
[...]
lumn":4},"end":{"line":147,"column":25}},"45":{"start":{"line":148,"column":4},"end":{"line":154,"column":5}},"46":{"start":{"line":149,"column":6},"end":{"line":153,"column":7}},"47":{"start":{"line":150,"column":8},"end":{"line":150,"column":30}},"48":{"start":{"line":152,"column":8},"end":{"line":152,"column":28}},"49":{"start":{"line":158,"column":4},"end":{"line":158,"column":29}},"50":{"start":{"line":159,"column":4},"end":{"line":159,"column":35}},"51":{"start":{"line":160,"column":4},"end":{"line":171,"column":8}},"52":{"start":{"line":163,"column":8},"end":{"line":163,"column":34}},"53":{"start":{"line":167,"column":8},"end":{"line":170,"column":9}},"54":{"start":{"line":168,"column":10},"end":{"line":168,"column":37}},"55":{"start":{"line":169,"column":10},"end":{"line":169,"column":51}},"56":{"start":{"line":172,"column":4},"end":{"line":172,"column":19}},"57":{"start":{"line":177,"column":0},"end":{"line":177,"column":29}}},"branchMap":{"1":{"line":51,"type":"binary-expr","locations":[{"start":{"line":51,"column":11},"end":{"line":51,"column":15}},{"start":{"line":51,"column":19},"end":{"line":51,"column":21}}]},"2":{"line":52,"type":"if","locations":[{"start":{"line":52,"column":4},"end":{"line":52,"column":4}},{"start":{"line":52,"column":4},"end":{"line":52,"column":4}}]},"3":{"line":53,"type":"if","locations":[{"start":{"line":53,"column":4},"end":{"line":53,"column":4}},{"start":{"line":53,"column":4},"end":{"line":53,"column":4}}]},"4":{"line":63,"type":"if","locations":[{"start":{"line":63,"column":6},"end":{"line":63,"column":6}},{"start":{"line":63,"column":6},"end":{"line":63,"column":6}}]},"5":{"line":64,"type":"if","locations":[{"start":{"line":64,"column":6},"end":{"line":64,"column":6}},{"start":{"line":64,"column":6},"end":{"line":64,"column":6}}]},"6":{"line":79,"type":"if","locations":[{"start":{"line":79,"column":10},"end":{"line":79,"column":10}},{"start":{"line":79,"column":10},"end":{"line":79,"column":10}}]},"7":{"line":85,"type":"if","locations":[{"start":{"line":85,"column":10},"end":{"line":85,"column":10}},{"start":{"line":85,"column":10},"end":{"line":85,"column":10}}]},"8":{"line":97,"type":"if","locations":[{"start":{"line":97,"column":6},"end":{"line":97,"column":6}},{"start":{"line":97,"column":6},"end":{"line":97,"column":6}}]},"9":{"line":148,"type":"if","locations":[{"start":{"line":148,"column":4},"end":{"line":148,"column":4}},{"start":{"line":148,"column":4},"end":{"line":148,"column":4}}]},"10":{"line":149,"type":"if","locations":[{"start":{"line":149,"column":6},"end":{"line":149,"column":6}},{"start":{"line":149,"column":6},"end":{"line":149,"column":6}}]},"11":{"line":158,"type":"binary-expr","locations":[{"start":{"line":158,"column":15},"end":{"line":158,"column":23}},{"start":{"line":158,"column":27},"end":{"line":158,"column":29}}]},"12":{"line":159,"type":"binary-expr","locations":[{"start":{"line":159,"column":11},"end":{"line":159,"column":15}},{"start":{"line":159,"column":19},"end":{"line":159,"column":35}}]},"13":{"line":167,"type":"if","locations":[{"start":{"line":167,"column":8},"end":{"line":167,"column":8}},{"start":{"line":167,"column":8},"end":{"line":167,"column":8}}]}},"code":["var _ = require('underscore')","  , events = require('events')","  , async = require('async')","  , pcmUtils = require('pcm-boilerplate')","  , utils = require('./utils')","  , constants = require('./constants')","  , BLOCK_SIZE = constants.BLOCK_SIZE","  , AudioBuffer = require('./AudioBuffer')","  , AudioDestinationNode = require('./AudioDestinationNode')","  , AudioBufferSourceNode = require('./AudioBufferSourceNode')","  , GainNode = require('./GainNode')","  , ScriptProcessorNode = require('./ScriptProcessorNode')","","","class AudioContext extends events.EventEmitter {","","  constructor(opts) {","    var outBuff","","    /*Object.defineProperty(this, 'currentTime', {","    writable: false,","    get: function() {}","  })*/","","    Object.defineProperty(this, 'destination', {","      writable: false,","      value: new AudioDestinationNode(this)","    })","    //this.destination = new AudioDestinationNode(this)","","    /*Object.defineProperty(this, 'sampleRate', {","    writable: false,","    value: {} // TODO","  })","","  Object.defineProperty(this, 'listener', {","    writable: false,","    value: {} // TODO","  })*/","    this.currentTime = 0","    this.sampleRate = 44100","    this.numberOfChannels = 2","    this.bitDepth = 16","","    this.format = {","      numberOfChannels: 2,","      bitDepth: 16,","      sampleRate: this.sampleRate","    }","","    opts = opts || {}","    if (opts.bufferSize) this.format.bufferSize = opts.bufferSize","    if (opts.numBuffers) this.format.numBuffers = opts.numBuffers","","    this.outStream = null","    this._encoder = pcmUtils.BufferEncoder(this.format)","    this._frame = 0","    this._playing = true","    this._audioOutLoopRunning = false","","    // When a new connection is established, start to pull audio","    this.destination._inputs[0].on('connection', () => {","      if (this._audioOutLoopRunning) return","      if (!this.outStream) throw new Error('you need to set outStream to send the audio somewhere')","      this._audioOutLoopRunning = true","      async.whilst(","        () => {","          return this._playing","        },","        (next) => {","          outBuff = this.destination._tick()","          // If there is space in the output stream's buffers, we write,","          // otherwise we wait for 'drain'","          this._frame += BLOCK_SIZE","          this.currentTime = this._frame * 1 / this.sampleRate","          // TODO setImmediate here is for cases where the outStream won't get","          // full and we end up with call stack max size reached.","          // But is it optimal?","          if (this.outStream.write(this._encoder(outBuff._data)))","            setImmediate(next)","          else this.outStream.once('drain', next)","        },","        (err) => {","          this._audioOutLoopRunning = false","          if (err) return this.emit('error', err)","        }","      )","    })","  }","","  createBuffer(numberOfChannels, length, sampleRate) {","    return new AudioBuffer(numberOfChannels, length, sampleRate)","  }","","  decodeAudioData(audioData, successCallback, errorCallback) {","    utils.decodeAudioData(audioData, function(err, audioBuffer) {","      if (err) errorCallback(err)","      else successCallback(audioBuffer)","    })","  }","","  createBufferSource() {","    return new AudioBufferSourceNode(this)","  }","","  createGain() {","    return new GainNode(this)","  }","","  createScriptProcessor(bufferSize, numberOfInputChannels, numberOfOutputChannels) {","    return new ScriptProcessorNode(this, bufferSize, numberOfInputChannels, numberOfOutputChannels)","  }","","  /*","{","","    readonly attribute AudioDestinationNode destination","    readonly attribute float sampleRate","    readonly attribute double currentTime","    readonly attribute AudioListener listener","","    // AudioNode creation","    MediaElementAudioSourceNode createMediaElementSource(HTMLMediaElement mediaElement)","","    MediaStreamAudioSourceNode createMediaStreamSource(MediaStream mediaStream)","    MediaStreamAudioDestinationNode createMediaStreamDestination()","","    AnalyserNode createAnalyser()","    DelayNode createDelay(optional double maxDelayTime = 1.0)","    BiquadFilterNode createBiquadFilter()","    WaveShaperNode createWaveShaper()","    PannerNode createPanner()","    ConvolverNode createConvolver()","","    ChannelSplitterNode createChannelSplitter(optional unsigned long numberOfOutputs = 6)","    ChannelMergerNode createChannelMerger(optional unsigned long numberOfInputs = 6)","","    DynamicsCompressorNode createDynamicsCompressor()","","    OscillatorNode createOscillator()","    PeriodicWave createPeriodicWave(Float32Array real, Float32Array imag)","","}","  */","","  _kill() {","    this._playing = false","    if (this.outStream) {","      if (this.outStream.close) {","        this.outStream.close()","      } else {","        this.outStream.end()","      }","    }","  }","","  collectNodes(node, allNodes) {","    allNodes = allNodes || []","    node = node || this.destination","    _.chain(node._inputs)","      .pluck('sources')","      .reduce(function(all, sources) {","        return all.concat(sources)","      }, [])","      .pluck('node').value()","      .forEach((upstreamNode) => {","        if (!_.contains(allNodes, upstreamNode)) {","          allNodes.push(upstreamNode)","          this.collectNodes(upstreamNode, allNodes)","        }","      })","    return allNodes","  }","","}","","module.exports = AudioContext",""],"l":{"1":1,"18":0,"25":0,"40":0,"41":0,"42":0,"43":0,"45":0,"51":0,"52":0,"53":0,"55":0,"56":0,"57":0,"58":0,"59":0,"62":0,"63":0,"64":0,"65":0,"66":0,"68":0,"71":0,"74":0,"75":0,"79":0,"80":0,"81":0,"84":0,"85":0,"92":0,"96":0,"97":0,"98":0,"103":0,"107":0,"111":0,"147":0,"148":0,"149":0,"150":0,"152":0,"158":0,"159":0,"160":0,"163":0,"167":0,"168":0,"169":0,"172":0,"177":1}},"/home/travis/build/npmtest/node-npmtest-web-audio-api/node_modules/web-audio-api/lib/AudioDestinationNode.js":{"path":"/home/travis/build/npmtest/node-npmtest-web-audio-api/node_modules/web-audio-api/lib/AudioDestinationNode.js","s":{"1":1,"2":0,"3":0,"4":0,"5":1},"b":{},"f":{"1":0,"2":0},"fnMap":{"1":{"name":"(anonymous_1)","line":7,"loc":{"start":{"line":7,"column":13},"end":{"line":7,"column":23}}},"2":{"name":"(anonymous_2)","line":14,"loc":{"start":{"line":14,"column":7},"end":{"line":14,"column":10}}}},"statementMap":{"1":{"start":{"line":1,"column":0},"end":{"line":2,"column":50}},"2":{"start":{"line":8,"column":4},"end":{"line":8,"column":51}},"3":{"start":{"line":10,"column":4},"end":{"line":10,"column":44}},"4":{"start":{"line":15,"column":4},"end":{"line":15,"column":34}},"5":{"start":{"line":21,"column":0},"end":{"line":21,"column":37}}},"branchMap":{},"code":["var AudioNode = require('./AudioNode')","  , readOnlyAttr = require('./utils').readOnlyAttr","","","class AudioDestinationNode extends AudioNode {","","  constructor(context) {","    super(context, 1, 0, 2, 'explicit', 'speakers')","","    readOnlyAttr(this, 'maxChannelCount', 2)","  }","","  // This only pulls the data from the nodes upstream","  _tick() {","    return this._inputs[0]._tick()","  }","","}","","","module.exports = AudioDestinationNode",""],"l":{"1":1,"8":0,"10":0,"15":0,"21":1}},"/home/travis/build/npmtest/node-npmtest-web-audio-api/node_modules/web-audio-api/lib/GainNode.js":{"path":"/home/travis/build/npmtest/node-npmtest-web-audio-api/node_modules/web-audio-api/lib/GainNode.js","s":{"1":1,"2":0,"3":0,"4":0,"5":0,"6":0,"7":0,"8":0,"9":0,"10":0,"11":0,"12":0,"13":0,"14":0,"15":1},"b":{},"f":{"1":0,"2":0},"fnMap":{"1":{"name":"(anonymous_1)","line":9,"loc":{"start":{"line":9,"column":13},"end":{"line":9,"column":23}}},"2":{"name":"(anonymous_2)","line":14,"loc":{"start":{"line":14,"column":7},"end":{"line":14,"column":10}}}},"statementMap":{"1":{"start":{"line":1,"column":0},"end":{"line":5,"column":50}},"2":{"start":{"line":10,"column":4},"end":{"line":10,"column":54}},"3":{"start":{"line":11,"column":4},"end":{"line":11,"column":68}},"4":{"start":{"line":15,"column":4},"end":{"line":15,"column":64}},"5":{"start":{"line":16,"column":4},"end":{"line":16,"column":26}},"6":{"start":{"line":17,"column":4},"end":{"line":17,"column":36}},"7":{"start":{"line":18,"column":4},"end":{"line":18,"column":51}},"8":{"start":{"line":19,"column":4},"end":{"line":19,"column":91}},"9":{"start":{"line":20,"column":4},"end":{"line":26,"column":5}},"10":{"start":{"line":21,"column":6},"end":{"line":21,"column":43}},"11":{"start":{"line":22,"column":6},"end":{"line":22,"column":45}},"12":{"start":{"line":23,"column":6},"end":{"line":25,"column":7}},"13":{"start":{"line":24,"column":8},"end":{"line":24,"column":51}},"14":{"start":{"line":27,"column":4},"end":{"line":27,"column":18}},"15":{"start":{"line":32,"column":0},"end":{"line":32,"column":25}}},"branchMap":{},"code":["var AudioNode = require('./AudioNode')","  , AudioParam = require('./AudioParam')","  , AudioBuffer = require('./AudioBuffer')","  , BLOCK_SIZE = require('./constants').BLOCK_SIZE","  , readOnlyAttr = require('./utils').readOnlyAttr","","class GainNode extends AudioNode {","","  constructor(context) {","    super(context, 1, 1, undefined, 'max', 'speakers')","    readOnlyAttr(this, 'gain', new AudioParam(this.context, 1, 'a'))","  }","","  _tick() {","    var outBuff, inBuff, gainArray, i, ch, inChArray, outChArray","    super._tick(arguments)","    inBuff = this._inputs[0]._tick()","    gainArray = this.gain._tick().getChannelData(0)","    outBuff = new AudioBuffer(inBuff.numberOfChannels, BLOCK_SIZE, this.context.sampleRate)","    for (ch = 0; ch < inBuff.numberOfChannels; ch++) {","      inChArray = inBuff.getChannelData(ch)","      outChArray = outBuff.getChannelData(ch)","      for (i = 0; i < BLOCK_SIZE; i++) {","        outChArray[i] = inChArray[i] * gainArray[i]","      }","    }","    return outBuff","  }","","}","","module.exports = GainNode",""],"l":{"1":1,"10":0,"11":0,"15":0,"16":0,"17":0,"18":0,"19":0,"20":0,"21":0,"22":0,"23":0,"24":0,"27":0,"32":1}},"/home/travis/build/npmtest/node-npmtest-web-audio-api/node_modules/web-audio-api/lib/ScriptProcessorNode.js":{"path":"/home/travis/build/npmtest/node-npmtest-web-audio-api/node_modules/web-audio-api/lib/ScriptProcessorNode.js","s":{"1":1,"2":0,"3":0,"4":0,"5":0,"6":0,"7":0,"8":0,"9":0,"10":0,"11":0,"12":0,"13":0,"14":0,"15":0,"16":0,"17":0,"18":0,"19":0,"20":0,"21":0,"22":0,"23":0,"24":0,"25":0,"26":0,"27":0,"28":0,"29":1},"b":{"1":[0,0],"2":[0,0],"3":[0,0],"4":[0,0]},"f":{"1":0,"2":0,"3":0,"4":0,"5":0,"6":0},"fnMap":{"1":{"name":"(anonymous_1)","line":10,"loc":{"start":{"line":10,"column":13},"end":{"line":10,"column":82}}},"2":{"name":"(anonymous_2)","line":19,"loc":{"start":{"line":19,"column":20},"end":{"line":19,"column":37}}},"3":{"name":"(anonymous_3)","line":24,"loc":{"start":{"line":24,"column":17},"end":{"line":24,"column":28}}},"4":{"name":"(anonymous_4)","line":47,"loc":{"start":{"line":47,"column":18},"end":{"line":47,"column":29}}},"5":{"name":"(anonymous_5)","line":55,"loc":{"start":{"line":55,"column":7},"end":{"line":55,"column":10}}},"6":{"name":"(anonymous_6)","line":65,"loc":{"start":{"line":65,"column":13},"end":{"line":65,"column":55}}}},"statementMap":{"1":{"start":{"line":1,"column":0},"end":{"line":5,"column":50}},"2":{"start":{"line":11,"column":4},"end":{"line":12,"column":43}},"3":{"start":{"line":12,"column":6},"end":{"line":12,"column":43}},"4":{"start":{"line":13,"column":4},"end":{"line":13,"column":71}},"5":{"start":{"line":15,"column":4},"end":{"line":15,"column":56}},"6":{"start":{"line":16,"column":4},"end":{"line":16,"column":48}},"7":{"start":{"line":21,"column":4},"end":{"line":22,"column":95}},"8":{"start":{"line":24,"column":4},"end":{"line":44,"column":5}},"9":{"start":{"line":25,"column":6},"end":{"line":25,"column":54}},"10":{"start":{"line":28,"column":6},"end":{"line":28,"column":63}},"11":{"start":{"line":31,"column":6},"end":{"line":36,"column":95}},"12":{"start":{"line":32,"column":8},"end":{"line":32,"column":63}},"13":{"start":{"line":33,"column":8},"end":{"line":33,"column":38}},"14":{"start":{"line":34,"column":8},"end":{"line":34,"column":84}},"15":{"start":{"line":35,"column":8},"end":{"line":35,"column":71}},"16":{"start":{"line":36,"column":13},"end":{"line":36,"column":95}},"17":{"start":{"line":36,"column":56},"end":{"line":36,"column":95}},"18":{"start":{"line":39,"column":6},"end":{"line":43,"column":101}},"19":{"start":{"line":40,"column":8},"end":{"line":40,"column":62}},"20":{"start":{"line":41,"column":8},"end":{"line":41,"column":53}},"21":{"start":{"line":42,"column":8},"end":{"line":42,"column":29}},"22":{"start":{"line":43,"column":13},"end":{"line":43,"column":101}},"23":{"start":{"line":48,"column":4},"end":{"line":52,"column":5}},"24":{"start":{"line":56,"column":4},"end":{"line":56,"column":26}},"25":{"start":{"line":57,"column":4},"end":{"line":57,"column":92}},"26":{"start":{"line":66,"column":4},"end":{"line":66,"column":36}},"27":{"start":{"line":67,"column":4},"end":{"line":67,"column":34}},"28":{"start":{"line":68,"column":4},"end":{"line":68,"column":36}},"29":{"start":{"line":73,"column":0},"end":{"line":73,"column":36}}},"branchMap":{"1":{"line":11,"type":"if","locations":[{"start":{"line":11,"column":4},"end":{"line":11,"column":4}},{"start":{"line":11,"column":4},"end":{"line":11,"column":4}}]},"2":{"line":31,"type":"if","locations":[{"start":{"line":31,"column":6},"end":{"line":31,"column":6}},{"start":{"line":31,"column":6},"end":{"line":31,"column":6}}]},"3":{"line":36,"type":"if","locations":[{"start":{"line":36,"column":13},"end":{"line":36,"column":13}},{"start":{"line":36,"column":13},"end":{"line":36,"column":13}}]},"4":{"line":39,"type":"if","locations":[{"start":{"line":39,"column":6},"end":{"line":39,"column":6}},{"start":{"line":39,"column":6},"end":{"line":39,"column":6}}]}},"code":["var _ = require('underscore')","  , BLOCK_SIZE = require('./constants').BLOCK_SIZE","  , AudioNode = require('./AudioNode')","  , AudioBuffer = require('./AudioBuffer')","  , readOnlyAttr = require('./utils').readOnlyAttr","","","class ScriptProcessorNode extends AudioNode {","","  constructor(context, bufferSize, numberOfInputChannels, numberOfOutputChannels) {","    if (!_.contains([256, 512, 1024, 2048, 4096, 8192, 16384], bufferSize))","      throw new Error('invalid bufferSize')","    super(context, 1, 1, numberOfInputChannels, 'explicit', 'speakers')","","    this.numberOfOutputChannels = numberOfOutputChannels","    readOnlyAttr(this, 'bufferSize', bufferSize)","  }","","  set onaudioprocess(onaudioprocess) {","","    var inputBuffer = new AudioBuffer(this.channelCount, 0, this.context.sampleRate)","      , outputBuffer = new AudioBuffer(this.numberOfOutputChannels, 0, this.context.sampleRate)","","    this._tick = function() {","      AudioNode.prototype._tick.apply(this, arguments)","","      // Pull some data and add it to `inputBuffer`","      inputBuffer = inputBuffer.concat(this._inputs[0]._tick())","","      // When enough data in `inputBuffer`, we run `onaudioprocess`","      if (inputBuffer.length === this.bufferSize) {","        var audioProcEvent = this._processingEvent(inputBuffer)","        onaudioprocess(audioProcEvent)","        inputBuffer = new AudioBuffer(this.channelCount, 0, this.context.sampleRate)","        outputBuffer = outputBuffer.concat(audioProcEvent.outputBuffer)","      } else if (inputBuffer.length >= this.bufferSize) throw new Error('this shouldnt happen')","","      // When data has been processed, we return it","      if (outputBuffer.length >= BLOCK_SIZE) {","        var returnedBuffer = outputBuffer.slice(0, BLOCK_SIZE)","        outputBuffer = outputBuffer.slice(BLOCK_SIZE)","        return returnedBuffer","      } else return new AudioBuffer(this.numberOfOutputChannels, BLOCK_SIZE, this.context.sampleRate)","    }","  }","","  _processingEvent(inBuffer) {","    return new AudioProcessingEvent(","      this.context.currentTime,","      inBuffer,","      new AudioBuffer(this.numberOfOutputChannels, this.bufferSize, this.context.sampleRate)","    )","  }","","  _tick() {","    super._tick(arguments)","    return new AudioBuffer(this.numberOfOutputChannels, BLOCK_SIZE, this.context.sampleRate)","  }","","}","","","class AudioProcessingEvent {","","  constructor(playbackTime, inputBuffer, outputBuffer) {","    this.playbackTime = playbackTime","    this.inputBuffer = inputBuffer","    this.outputBuffer = outputBuffer","  }","","}","","module.exports = ScriptProcessorNode",""],"l":{"1":1,"11":0,"12":0,"13":0,"15":0,"16":0,"21":0,"24":0,"25":0,"28":0,"31":0,"32":0,"33":0,"34":0,"35":0,"36":0,"39":0,"40":0,"41":0,"42":0,"43":0,"48":0,"56":0,"57":0,"66":0,"67":0,"68":0,"73":1}}}